2020-06-19 08:17:42,259: INFO  – Processing file 'C:\Program Files (x86)\GeneXus\GeneXus16\Startup\Common\CommonApi.xpz'...
2020-06-19 08:17:42,261: INFO  – Checking Import References...
2020-06-19 08:17:42,262: INFO  – Finished
2020-06-19 08:17:42,262: INFO  – Reading import file objects...
2020-06-19 08:17:42,263: INFO  – Finished
2020-06-19 08:17:42,774: INFO  – Importing Folder 'Common'... 
2020-06-19 08:17:42,940: INFO  – Successful
2020-06-19 08:17:42,946: INFO  – Importing External Object 'GlobalEvents'... 
2020-06-19 08:17:43,099: INFO  – Successful
2020-06-19 08:17:43,382: INFO  – Processing file 'C:\Program Files (x86)\GeneXus\GeneXus16\Startup\Common\GeneXusModule.xpz'...
2020-06-19 08:17:43,424: INFO  – Checking Import References...
2020-06-19 08:17:43,425: INFO  – Finished
2020-06-19 08:17:43,426: INFO  – Reading import file objects...
2020-06-19 08:17:43,459: INFO  – Finished
2020-06-19 08:17:44,134: INFO  – Importing Module 'GeneXus'... 
2020-06-19 08:17:45,304: INFO  – Importing Module 'GeneXus.Common.UI'... 
2020-06-19 08:17:45,363: INFO  – Successful
2020-06-19 08:17:45,369: INFO  – Importing Module 'GeneXus.Common.Notifications'... 
2020-06-19 08:17:45,409: INFO  – Successful
2020-06-19 08:17:45,413: INFO  – Importing Module 'GeneXus.Common.Configuration'... 
2020-06-19 08:17:45,455: INFO  – Successful
2020-06-19 08:17:45,459: INFO  – Importing Module 'GeneXus.Common'... 
2020-06-19 08:17:45,488: INFO  – Successful
2020-06-19 08:17:45,491: INFO  – Importing Module 'GeneXus.Client'... 
2020-06-19 08:17:45,534: INFO  – Successful
2020-06-19 08:17:45,538: INFO  – Importing Module 'GeneXus.Social'... 
2020-06-19 08:17:45,575: INFO  – Successful
2020-06-19 08:17:45,578: INFO  – Importing Module 'GeneXus.Server'... 
2020-06-19 08:17:45,620: INFO  – Successful
2020-06-19 08:17:45,624: INFO  – Importing Module 'GeneXus.SD.Synchronization'... 
2020-06-19 08:17:45,680: INFO  – Successful
2020-06-19 08:17:45,687: INFO  – Importing Module 'GeneXus.SD.iOS'... 
2020-06-19 08:17:45,728: INFO  – Successful
2020-06-19 08:17:45,733: INFO  – Importing Module 'GeneXus.SD.Store'... 
2020-06-19 08:17:45,775: INFO  – Successful
2020-06-19 08:17:45,780: INFO  – Importing Module 'GeneXus.SD.Notifications'... 
2020-06-19 08:17:45,818: INFO  – Successful
2020-06-19 08:17:45,823: INFO  – Importing Module 'GeneXus.SD.Media'... 
2020-06-19 08:17:45,864: INFO  – Successful
2020-06-19 08:17:45,869: INFO  – Importing Module 'GeneXus.SD.Offline'... 
2020-06-19 08:17:45,908: INFO  – Successful
2020-06-19 08:17:45,914: INFO  – Importing Module 'GeneXus.SD'... 
2020-06-19 08:17:45,951: INFO  – Successful
2020-06-19 08:17:45,954: INFO  – Importing Folder 'GeneXus.Common.GoogleDirections'... 
2020-06-19 08:17:45,989: INFO  – Successful
2020-06-19 08:17:45,994: INFO  – Importing Folder 'GeneXus.Common.DirectionsServices'... 
2020-06-19 08:17:46,008: INFO  – Successful
2020-06-19 08:17:46,017: INFO  – Importing Folder 'GeneXus.SD.Store.Purchases'... 
2020-06-19 08:17:46,050: INFO  – Successful
2020-06-19 08:17:46,054: INFO  – Importing Domain 'GeneXus.Common.Notifications.FilterRelationType'... 
2020-06-19 08:17:46,153: INFO  – Successful
2020-06-19 08:17:46,160: INFO  – Importing Domain 'GeneXus.Common.Notifications.FilterOperation'... 
2020-06-19 08:17:46,208: INFO  – Successful
2020-06-19 08:17:46,216: INFO  – Importing Domain 'GeneXus.Common.Notifications.TargetType'... 
2020-06-19 08:17:46,263: INFO  – Successful
2020-06-19 08:17:46,267: INFO  – Importing Domain 'GeneXus.Common.Notifications.NotificationBadgeType'... 
2020-06-19 08:17:46,315: INFO  – Successful
2020-06-19 08:17:46,321: INFO  – Importing Domain 'GeneXus.Common.RuntimeEnvironment'... 
2020-06-19 08:17:46,363: INFO  – Successful
2020-06-19 08:17:46,371: INFO  – Importing Domain 'GeneXus.Common.MapType'... 
2020-06-19 08:17:46,415: INFO  – Successful
2020-06-19 08:17:46,420: INFO  – Importing Domain 'GeneXus.Common.LogLevel'... 
2020-06-19 08:17:46,467: INFO  – Successful
2020-06-19 08:17:46,471: INFO  – Importing Domain 'GeneXus.Common.TransportType'... 
2020-06-19 08:17:46,510: INFO  – Successful
2020-06-19 08:17:46,516: INFO  – Importing Domain 'GeneXus.Common.DirectionsServiceProviders'... 
2020-06-19 08:17:46,563: INFO  – Successful
2020-06-19 08:17:46,567: INFO  – Importing Domain 'GeneXus.Common.ColorScheme'... 
2020-06-19 08:17:46,610: INFO  – Successful
2020-06-19 08:17:46,615: INFO  – Importing Domain 'GeneXus.Client.SocketStatus'... 
2020-06-19 08:17:46,671: INFO  – Successful
2020-06-19 08:17:46,677: INFO  – Importing Domain 'GeneXus.SD.Store.StorePurchaseState'... 
2020-06-19 08:17:46,721: INFO  – Successful
2020-06-19 08:17:46,729: INFO  – Importing Domain 'GeneXus.SD.Store.StorePurchasePlatform'... 
2020-06-19 08:17:46,775: INFO  – Successful
2020-06-19 08:17:46,780: INFO  – Importing Domain 'GeneXus.SD.Store.StoreProductType'... 
2020-06-19 08:17:46,825: INFO  – Successful
2020-06-19 08:17:46,830: INFO  – Importing Domain 'GeneXus.SD.Store.StorePurchaseStatus'... 
2020-06-19 08:17:46,871: INFO  – Successful
2020-06-19 08:17:46,876: INFO  – Importing Domain 'GeneXus.SD.Media.MediaMetadataKey'... 
2020-06-19 08:17:46,927: INFO  – Successful
2020-06-19 08:17:46,933: INFO  – Importing Domain 'GeneXus.SD.Media.MediaStreamType'... 
2020-06-19 08:17:46,981: INFO  – Successful
2020-06-19 08:17:46,987: INFO  – Importing Domain 'GeneXus.SD.Offline.ResultCode'... 
2020-06-19 08:17:47,030: INFO  – Successful
2020-06-19 08:17:47,037: INFO  – Importing Domain 'GeneXus.SD.DeviceAuthenticationPolicy'... 
2020-06-19 08:17:47,084: INFO  – Successful
2020-06-19 08:17:47,089: INFO  – Importing Domain 'GeneXus.SD.CardDetectionMode'... 
2020-06-19 08:17:47,130: INFO  – Successful
2020-06-19 08:17:47,138: INFO  – Importing Domain 'GeneXus.SD.CreditCardType'... 
2020-06-19 08:17:47,182: INFO  – Successful
2020-06-19 08:17:47,188: INFO  – Importing Domain 'GeneXus.Url'... 
2020-06-19 08:17:47,253: INFO  – Successful
2020-06-19 08:17:47,257: INFO  – Importing Domain 'GeneXus.IMEMode'... 
2020-06-19 08:17:47,310: INFO  – Successful
2020-06-19 08:17:47,314: INFO  – Importing Domain 'GeneXus.Time'... 
2020-06-19 08:17:47,362: INFO  – Successful
2020-06-19 08:17:47,365: INFO  – Importing Domain 'GeneXus.Encoding'... 
2020-06-19 08:17:47,408: INFO  – Successful
2020-06-19 08:17:47,413: INFO  – Importing Domain 'GeneXus.Timezones'... 
2020-06-19 08:17:47,456: INFO  – Successful
2020-06-19 08:17:47,461: INFO  – Importing Domain 'GeneXus.Effect'... 
2020-06-19 08:17:47,507: INFO  – Successful
2020-06-19 08:17:47,511: INFO  – Importing Domain 'GeneXus.CallType'... 
2020-06-19 08:17:47,550: INFO  – Successful
2020-06-19 08:17:47,554: INFO  – Importing Domain 'GeneXus.CryptoEncryptAlgorithm'... 
2020-06-19 08:17:47,599: INFO  – Successful
2020-06-19 08:17:47,603: INFO  – Importing Domain 'GeneXus.CryptoHashAlgorithm'... 
2020-06-19 08:17:47,642: INFO  – Successful
2020-06-19 08:17:47,645: INFO  – Importing Domain 'GeneXus.CryptoSignAlgorithm'... 
2020-06-19 08:17:47,688: INFO  – Successful
2020-06-19 08:17:47,690: INFO  – Importing Domain 'GeneXus.TrnMode'... 
2020-06-19 08:17:47,730: INFO  – Successful
2020-06-19 08:17:47,734: INFO  – Importing Domain 'GeneXus.Address'... 
2020-06-19 08:17:47,780: INFO  – Successful
2020-06-19 08:17:47,783: INFO  – Importing Domain 'GeneXus.Component'... 
2020-06-19 08:17:47,835: INFO  – Successful
2020-06-19 08:17:47,838: INFO  – Importing Domain 'GeneXus.Email'... 
2020-06-19 08:17:47,876: INFO  – Successful
2020-06-19 08:17:47,879: INFO  – Importing Domain 'GeneXus.Geolocation'... 
2020-06-19 08:17:47,923: INFO  – Successful
2020-06-19 08:17:47,924: INFO  – Importing Domain 'GeneXus.Html'... 
2020-06-19 08:17:47,961: INFO  – Successful
2020-06-19 08:17:47,965: INFO  – Importing Domain 'GeneXus.Phone'... 
2020-06-19 08:17:48,004: INFO  – Successful
2020-06-19 08:17:48,007: INFO  – Importing Domain 'GeneXus.APIAuthorizationStatus'... 
2020-06-19 08:17:48,044: INFO  – Successful
2020-06-19 08:17:48,047: INFO  – Importing Domain 'GeneXus.MessageTypes'... 
2020-06-19 08:17:48,094: INFO  – Successful
2020-06-19 08:17:48,097: INFO  – Importing Domain 'GeneXus.ProgressIndicatorType'... 
2020-06-19 08:17:48,133: INFO  – Successful
2020-06-19 08:17:48,136: INFO  – Importing Domain 'GeneXus.RecentLinksOptions'... 
2020-06-19 08:17:48,181: INFO  – Successful
2020-06-19 08:17:48,184: INFO  – Importing Domain 'GeneXus.ObjectName'... 
2020-06-19 08:17:48,223: INFO  – Successful
2020-06-19 08:17:48,226: INFO  – Importing Domain 'GeneXus.CallTargetSize'... 
2020-06-19 08:17:48,267: INFO  – Successful
2020-06-19 08:17:48,271: INFO  – Importing Domain 'GeneXus.EventExecution'... 
2020-06-19 08:17:48,306: INFO  – Successful
2020-06-19 08:17:48,309: INFO  – Importing Domain 'GeneXus.PushNotificationPriority'... 
2020-06-19 08:17:48,353: INFO  – Successful
2020-06-19 08:17:48,356: INFO  – Importing Domain 'GeneXus.SmartDeviceType'... 
2020-06-19 08:17:48,390: INFO  – Successful
2020-06-19 08:17:48,393: INFO  – Importing Domain 'GeneXus.CameraAPIQuality'... 
2020-06-19 08:17:48,436: INFO  – Successful
2020-06-19 08:17:48,440: INFO  – Importing Domain 'GeneXus.AudioAPISessionType'... 
2020-06-19 08:17:48,471: INFO  – Successful
2020-06-19 08:17:48,474: INFO  – Importing Domain 'GeneXus.MediaDuration'... 
2020-06-19 08:17:48,516: INFO  – Successful
2020-06-19 08:17:48,519: INFO  – Importing Domain 'GeneXus.PlaybackState'... 
2020-06-19 08:17:48,555: INFO  – Successful
2020-06-19 08:17:48,559: INFO  – Importing Domain 'GeneXus.NetworkAPIConnectionType'... 
2020-06-19 08:17:48,597: INFO  – Successful
2020-06-19 08:17:48,609: INFO  – Importing Domain 'GeneXus.EventAction'... 
2020-06-19 08:17:48,638: INFO  – Successful
2020-06-19 08:17:48,641: INFO  – Importing Domain 'GeneXus.EventStatus'... 
2020-06-19 08:17:48,682: INFO  – Successful
2020-06-19 08:17:48,685: INFO  – Importing Domain 'GeneXus.EventData'... 
2020-06-19 08:17:48,723: INFO  – Successful
2020-06-19 08:17:48,725: INFO  – Importing Domain 'GeneXus.EventErrors'... 
2020-06-19 08:17:48,767: INFO  – Successful
2020-06-19 08:17:48,770: INFO  – Importing Domain 'GeneXus.ApplicationState'... 
2020-06-19 08:17:48,805: INFO  – Successful
2020-06-19 08:17:48,808: INFO  – Importing Domain 'GeneXus.SynchronizationReceiveResult'... 
2020-06-19 08:17:48,853: INFO  – Successful
2020-06-19 08:17:48,857: INFO  – Importing Domain 'GeneXus.RegionState'... 
2020-06-19 08:17:48,916: INFO  – Successful
2020-06-19 08:17:48,920: INFO  – Importing Domain 'GeneXus.BeaconProximity'... 
2020-06-19 08:17:48,967: INFO  – Successful
2020-06-19 08:17:48,970: INFO  – Importing Domain 'GeneXus.MediaFinishReason'... 
2020-06-19 08:17:49,014: INFO  – Successful
2020-06-19 08:17:49,018: INFO  – Importing Domain 'GeneXus.HttpMethod'... 
2020-06-19 08:17:49,062: INFO  – Successful
2020-06-19 08:17:49,068: INFO  – Importing Domain 'GeneXus.HttpAuthenticationType'... 
2020-06-19 08:17:49,112: INFO  – Successful
2020-06-19 08:17:49,116: INFO  – Importing Domain 'GeneXus.CommonCallTarget'... 
2020-06-19 08:17:49,152: INFO  – Successful
2020-06-19 08:17:49,155: INFO  – Importing Domain 'GeneXus.BarcodeType'... 
2020-06-19 08:17:49,201: INFO  – Successful
2020-06-19 08:17:49,203: INFO  – Importing Domain 'GeneXus.FlexDirection'... 
2020-06-19 08:17:49,248: INFO  – Successful
2020-06-19 08:17:49,254: INFO  – Importing Domain 'GeneXus.FlexWrap'... 
2020-06-19 08:17:49,299: INFO  – Successful
2020-06-19 08:17:49,312: INFO  – Importing Domain 'GeneXus.FlexJustifyContent'... 
2020-06-19 08:17:49,344: INFO  – Successful
2020-06-19 08:17:49,348: INFO  – Importing Domain 'GeneXus.FlexAlignItems'... 
2020-06-19 08:17:49,391: INFO  – Successful
2020-06-19 08:17:49,395: INFO  – Importing Domain 'GeneXus.FlexAlignContent'... 
2020-06-19 08:17:49,439: INFO  – Successful
2020-06-19 08:17:49,443: INFO  – Importing Domain 'GeneXus.CompareKind'... 
2020-06-19 08:17:49,489: INFO  – Successful
2020-06-19 08:17:49,494: INFO  – Importing Domain 'GeneXus.Rotation'... 
2020-06-19 08:17:49,534: INFO  – Successful
2020-06-19 08:17:49,537: INFO  – Importing Structured Data Type 'GeneXus.Common.Route'... 
2020-06-19 08:17:49,710: INFO  – Successful
2020-06-19 08:17:49,715: INFO  – Importing Structured Data Type 'GeneXus.Common.DirectionsRequestParameters'... 
2020-06-19 08:17:49,826: INFO  – Successful
2020-06-19 08:17:49,831: INFO  – Importing Structured Data Type 'GeneXus.Common.Notifications.Event'... 
2020-06-19 08:17:49,927: INFO  – Successful
2020-06-19 08:17:49,933: INFO  – Importing Structured Data Type 'GeneXus.Common.Notifications.Notification'... 
2020-06-19 08:17:50,382: INFO  – Successful
2020-06-19 08:17:50,389: INFO  – Importing Structured Data Type 'GeneXus.Common.Notifications.LocalizedText'... 
2020-06-19 08:17:50,474: INFO  – Successful
2020-06-19 08:17:50,480: INFO  – Importing Structured Data Type 'GeneXus.Common.Notifications.Target'... 
2020-06-19 08:17:50,654: INFO  – Successful
2020-06-19 08:17:50,660: INFO  – Importing Structured Data Type 'GeneXus.Common.Notifications.Delivery'... 
2020-06-19 08:17:51,948: INFO  – Successful
2020-06-19 08:17:51,954: INFO  – Importing Structured Data Type 'GeneXus.Common.Notifications.Configuration'... 
2020-06-19 08:17:52,104: INFO  – Successful
2020-06-19 08:17:52,111: INFO  – Importing Structured Data Type 'GeneXus.Common.Notifications.ConfigurationProperty'... 
2020-06-19 08:17:52,189: INFO  – Successful
2020-06-19 08:17:52,190: INFO  – Importing Structured Data Type 'GeneXus.Common.Messages'... 
2020-06-19 08:17:52,292: INFO  – Successful
2020-06-19 08:17:52,297: INFO  – Importing Structured Data Type 'GeneXus.Common.AnalyticsPurchase'... 
2020-06-19 08:17:52,486: INFO  – Successful
2020-06-19 08:17:52,492: INFO  – Importing Structured Data Type 'GeneXus.Common.GeolocationInfo'... 
2020-06-19 08:17:52,629: INFO  – Successful
2020-06-19 08:17:52,636: INFO  – Importing Structured Data Type 'GeneXus.Common.GeolocationProximityAlert'... 
2020-06-19 08:17:52,770: INFO  – Successful
2020-06-19 08:17:52,778: INFO  – Importing Structured Data Type 'GeneXus.Common.GeolocationPickerParameters'... 
2020-06-19 08:17:52,880: INFO  – Successful
2020-06-19 08:17:52,885: INFO  – Importing Structured Data Type 'GeneXus.Common.Directions'... 
2020-06-19 08:17:52,984: INFO  – Successful
2020-06-19 08:17:52,989: INFO  – Importing Structured Data Type 'GeneXus.Common.TrackingParameters'... 
2020-06-19 08:17:53,129: INFO  – Successful
2020-06-19 08:17:53,135: INFO  – Importing Structured Data Type 'GeneXus.Social.FacebookAccessToken'... 
2020-06-19 08:17:53,269: INFO  – Successful
2020-06-19 08:17:53,275: INFO  – Importing Structured Data Type 'GeneXus.Server.NotificationInfo'... 
2020-06-19 08:17:53,370: INFO  – Successful
2020-06-19 08:17:53,377: INFO  – Importing Structured Data Type 'GeneXus.SD.Synchronization.SynchronizationInfo'... 
2020-06-19 08:17:53,460: INFO  – Successful
2020-06-19 08:17:53,468: INFO  – Importing Structured Data Type 'GeneXus.SD.Synchronization.SynchronizationEventList'... 
2020-06-19 08:17:53,615: INFO  – Successful
2020-06-19 08:17:53,623: INFO  – Importing Structured Data Type 'GeneXus.SD.Synchronization.SynchronizationEventResultList'... 
2020-06-19 08:17:53,755: INFO  – Successful
2020-06-19 08:17:53,763: INFO  – Importing Structured Data Type 'GeneXus.SD.Store.StorePurchase'... 
2020-06-19 08:17:54,000: INFO  – Successful
2020-06-19 08:17:54,006: INFO  – Importing Structured Data Type 'GeneXus.SD.Store.StoreValidationConfig'... 
2020-06-19 08:17:54,114: INFO  – Successful
2020-06-19 08:17:54,123: INFO  – Importing Structured Data Type 'GeneXus.SD.Store.PurchaseReceiptInformation'... 
2020-06-19 08:17:54,263: INFO  – Successful
2020-06-19 08:17:54,272: INFO  – Importing Structured Data Type 'GeneXus.SD.Store.PurchaseResult'... 
2020-06-19 08:17:54,382: INFO  – Successful
2020-06-19 08:17:54,388: INFO  – Importing Structured Data Type 'GeneXus.SD.Store.StoreProduct'... 
2020-06-19 08:17:54,498: INFO  – Successful
2020-06-19 08:17:54,504: INFO  – Importing Structured Data Type 'GeneXus.SD.Store.PurchasesInformation'... 
2020-06-19 08:17:54,612: INFO  – Successful
2020-06-19 08:17:54,621: INFO  – Importing Structured Data Type 'GeneXus.SD.Notifications.RemoteNotification'... 
2020-06-19 08:17:54,836: INFO  – Successful
2020-06-19 08:17:54,847: INFO  – Importing Structured Data Type 'GeneXus.SD.Notifications.LocalNotificationsInfo'... 
2020-06-19 08:17:54,926: INFO  – Successful
2020-06-19 08:17:54,933: INFO  – Importing Structured Data Type 'GeneXus.SD.Media.MediaItem'... 
2020-06-19 08:17:55,137: INFO  – Successful
2020-06-19 08:17:55,148: INFO  – Importing Structured Data Type 'GeneXus.SD.Media.MediaQueue'... 
2020-06-19 08:17:55,241: INFO  – Successful
2020-06-19 08:17:55,247: INFO  – Importing Structured Data Type 'GeneXus.SD.Media.MediaQueueState'... 
2020-06-19 08:17:55,366: INFO  – Successful
2020-06-19 08:17:55,377: INFO  – Importing Structured Data Type 'GeneXus.SD.Media.MediaItemFinishedInfo'... 
2020-06-19 08:17:55,484: INFO  – Successful
2020-06-19 08:17:55,488: INFO  – Importing Structured Data Type 'GeneXus.SD.Media.AudioPlayerSettings'... 
2020-06-19 08:17:55,609: INFO  – Successful
2020-06-19 08:17:55,617: INFO  – Importing Structured Data Type 'GeneXus.SD.Media.AudioPlayerCustomAction'... 
2020-06-19 08:17:55,692: INFO  – Successful
2020-06-19 08:17:55,700: INFO  – Importing Structured Data Type 'GeneXus.SD.Media.ImagesCollection'... 
2020-06-19 08:17:55,764: INFO  – Successful
2020-06-19 08:17:55,769: INFO  – Importing Structured Data Type 'GeneXus.SD.LoginExternalAdditionalParameters'... 
2020-06-19 08:17:55,882: INFO  – Successful
2020-06-19 08:17:55,887: INFO  – Importing Structured Data Type 'GeneXus.SD.ContactInfo'... 
2020-06-19 08:17:56,035: INFO  – Successful
2020-06-19 08:17:56,042: INFO  – Importing Structured Data Type 'GeneXus.SD.ScannedBarcodes'... 
2020-06-19 08:17:56,104: INFO  – Successful
2020-06-19 08:17:56,114: INFO  – Importing Structured Data Type 'GeneXus.SD.BeaconInfo'... 
2020-06-19 08:17:56,206: INFO  – Successful
2020-06-19 08:17:56,215: INFO  – Importing Structured Data Type 'GeneXus.SD.BeaconProximityAlert'... 
2020-06-19 08:17:56,325: INFO  – Successful
2020-06-19 08:17:56,333: INFO  – Importing Structured Data Type 'GeneXus.SD.BeaconRegion'... 
2020-06-19 08:17:56,398: INFO  – Successful
2020-06-19 08:17:56,404: INFO  – Importing Structured Data Type 'GeneXus.SD.BeaconState'... 
2020-06-19 08:17:56,512: INFO  – Successful
2020-06-19 08:17:56,518: INFO  – Importing Structured Data Type 'GeneXus.SD.SearchScope'... 
2020-06-19 08:17:56,597: INFO  – Successful
2020-06-19 08:17:56,601: INFO  – Importing Structured Data Type 'GeneXus.SD.CardInformation'... 
2020-06-19 08:17:56,759: INFO  – Successful
2020-06-19 08:17:56,767: INFO  – Importing External Object 'GeneXus.Common.UI.Progress'... 
2020-06-19 08:17:56,842: INFO  – Successful
2020-06-19 08:17:56,847: INFO  – Importing External Object 'GeneXus.Common.UI.Navigation'... 
2020-06-19 08:17:56,899: INFO  – Successful
2020-06-19 08:17:56,905: INFO  – Importing External Object 'GeneXus.Common.UI.Appearance'... 
2020-06-19 08:17:56,951: INFO  – Successful
2020-06-19 08:17:56,957: INFO  – Importing External Object 'GeneXus.Common.Configuration.ConfigurationManager'... 
2020-06-19 08:17:57,012: INFO  – Successful
2020-06-19 08:17:57,018: INFO  – Importing External Object 'GeneXus.Common.Clipboard'... 
2020-06-19 08:17:57,060: INFO  – Successful
2020-06-19 08:17:57,069: INFO  – Importing External Object 'GeneXus.Common.Analytics'... 
2020-06-19 08:17:57,120: INFO  – Successful
2020-06-19 08:17:57,128: INFO  – Importing External Object 'GeneXus.Common.Geolocation'... 
2020-06-19 08:17:57,265: INFO  – Successful
2020-06-19 08:17:57,270: INFO  – Importing External Object 'GeneXus.Common.Server'... 
2020-06-19 08:17:57,315: INFO  – Successful
2020-06-19 08:17:57,328: INFO  – Importing External Object 'GeneXus.Common.Runtime'... 
2020-06-19 08:17:57,375: INFO  – Successful
2020-06-19 08:17:57,380: INFO  – Importing External Object 'GeneXus.Common.Log'... 
2020-06-19 08:17:57,442: INFO  – Successful
2020-06-19 08:17:57,447: INFO  – Importing External Object 'GeneXus.Common.Maps'... 
2020-06-19 08:17:57,527: INFO  – Successful
2020-06-19 08:17:57,531: INFO  – Importing External Object 'GeneXus.Client.ClientInformation'... 
2020-06-19 08:17:57,587: INFO  – Successful
2020-06-19 08:17:57,594: INFO  – Importing External Object 'GeneXus.Client.ClientStorage'... 
2020-06-19 08:17:57,635: INFO  – Successful
2020-06-19 08:17:57,640: INFO  – Importing External Object 'GeneXus.Client.Socket'... 
2020-06-19 08:17:57,695: INFO  – Successful
2020-06-19 08:17:57,700: INFO  – Importing External Object 'GeneXus.Social.Facebook'... 
2020-06-19 08:17:57,759: INFO  – Successful
2020-06-19 08:17:57,765: INFO  – Importing External Object 'GeneXus.Social.Twitter'... 
2020-06-19 08:17:57,802: INFO  – Successful
2020-06-19 08:17:57,807: INFO  – Importing External Object 'GeneXus.Social.Share'... 
2020-06-19 08:17:57,850: INFO  – Successful
2020-06-19 08:17:57,858: INFO  – Importing External Object 'GeneXus.Social.WeChat'... 
2020-06-19 08:17:57,898: INFO  – Successful
2020-06-19 08:17:57,903: INFO  – Importing External Object 'GeneXus.Server.Socket'... 
2020-06-19 08:17:57,978: INFO  – Successful
2020-06-19 08:17:57,983: INFO  – Importing External Object 'GeneXus.SD.Synchronization.SynchronizationEvents'... 
2020-06-19 08:17:58,039: INFO  – Successful
2020-06-19 08:17:58,046: INFO  – Importing External Object 'GeneXus.SD.Synchronization.Synchronization'... 
2020-06-19 08:17:58,088: INFO  – Successful
2020-06-19 08:17:58,095: INFO  – Importing External Object 'GeneXus.SD.iOS.Permissions'... 
2020-06-19 08:17:58,141: INFO  – Successful
2020-06-19 08:17:58,146: INFO  – Importing External Object 'GeneXus.SD.Store.StoreManager'... 
2020-06-19 08:17:58,245: INFO  – Successful
2020-06-19 08:17:58,250: INFO  – Importing External Object 'GeneXus.SD.Notifications.NotificationsConfiguration'... 
2020-06-19 08:17:58,301: INFO  – Successful
2020-06-19 08:17:58,308: INFO  – Importing External Object 'GeneXus.SD.Notifications.RemoteNotificationResult'... 
2020-06-19 08:17:58,358: INFO  – Successful
2020-06-19 08:17:58,369: INFO  – Importing External Object 'GeneXus.SD.Notifications.NotificationParameters'... 
2020-06-19 08:17:58,410: INFO  – Successful
2020-06-19 08:17:58,415: INFO  – Importing External Object 'GeneXus.SD.Notifications.RemoteNotifications'... 
2020-06-19 08:17:58,510: INFO  – Successful
2020-06-19 08:17:58,519: INFO  – Importing External Object 'GeneXus.SD.Notifications.LocalNotifications'... 
2020-06-19 08:17:58,593: INFO  – Successful
2020-06-19 08:17:58,600: INFO  – Importing External Object 'GeneXus.SD.Media.Camera'... 
2020-06-19 08:17:58,647: INFO  – Successful
2020-06-19 08:17:58,652: INFO  – Importing External Object 'GeneXus.SD.Media.PhotoLibrary'... 
2020-06-19 08:17:58,700: INFO  – Successful
2020-06-19 08:17:58,707: INFO  – Importing External Object 'GeneXus.SD.Media.Audio'... 
2020-06-19 08:17:58,837: INFO  – Successful
2020-06-19 08:17:58,844: INFO  – Importing External Object 'GeneXus.SD.Media.AudioRecorder'... 
2020-06-19 08:17:58,891: INFO  – Successful
2020-06-19 08:17:58,899: INFO  – Importing External Object 'GeneXus.SD.Media.Files'... 
2020-06-19 08:17:58,940: INFO  – Successful
2020-06-19 08:17:58,947: INFO  – Importing External Object 'GeneXus.SD.Offline.DataBase'... 
2020-06-19 08:17:59,002: INFO  – Successful
2020-06-19 08:17:59,008: INFO  – Importing External Object 'GeneXus.SD.Actions'... 
2020-06-19 08:17:59,077: INFO  – Successful
2020-06-19 08:17:59,083: INFO  – Importing External Object 'GeneXus.SD.Contacts'... 
2020-06-19 08:17:59,152: INFO  – Successful
2020-06-19 08:17:59,159: INFO  – Importing External Object 'GeneXus.SD.Calendar'... 
2020-06-19 08:17:59,205: INFO  – Successful
2020-06-19 08:17:59,211: INFO  – Importing External Object 'GeneXus.SD.Interop'... 
2020-06-19 08:17:59,296: INFO  – Successful
2020-06-19 08:17:59,302: INFO  – Importing External Object 'GeneXus.SD.Scanner'... 
2020-06-19 08:17:59,364: INFO  – Successful
2020-06-19 08:17:59,370: INFO  – Importing External Object 'GeneXus.SD.Network'... 
2020-06-19 08:17:59,428: INFO  – Successful
2020-06-19 08:17:59,435: INFO  – Importing External Object 'GeneXus.SD.Beacons'... 
2020-06-19 08:17:59,555: INFO  – Successful
2020-06-19 08:17:59,563: INFO  – Importing External Object 'GeneXus.SD.Search'... 
2020-06-19 08:17:59,599: INFO  – Successful
2020-06-19 08:17:59,606: INFO  – Importing External Object 'GeneXus.SD.DeepLink'... 
2020-06-19 08:17:59,661: INFO  – Successful
2020-06-19 08:17:59,666: INFO  – Importing External Object 'GeneXus.SD.WebBrowser'... 
2020-06-19 08:17:59,711: INFO  – Successful
2020-06-19 08:17:59,716: INFO  – Importing External Object 'GeneXus.SD.DeviceAuthentication'... 
2020-06-19 08:17:59,763: INFO  – Successful
2020-06-19 08:17:59,771: INFO  – Importing External Object 'GeneXus.SD.AppLifecycle'... 
2020-06-19 08:17:59,818: INFO  – Successful
2020-06-19 08:17:59,823: INFO  – Importing External Object 'GeneXus.SD.CardScanner'... 
2020-06-19 08:17:59,903: INFO  – Successful
2020-06-19 08:17:59,908: INFO  – Importing External Object 'GeneXus.SD.Printer'... 
2020-06-19 08:17:59,957: INFO  – Successful
2020-06-19 08:17:59,965: INFO  – Importing External Object 'GeneXus.SD.ARPreview'... 
2020-06-19 08:18:00,011: INFO  – Successful
2020-06-19 08:18:00,027: INFO  – Importing Procedure 'GeneXus.Common.GoogleDirectionsServiceRequest'... 
2020-06-19 08:18:00,149: INFO  – Successful
2020-06-19 08:18:00,156: INFO  – Importing Procedure 'GeneXus.Common.Notifications.AddDeviceGroups'... 
2020-06-19 08:18:00,256: INFO  – Successful
2020-06-19 08:18:00,258: INFO  – Importing Procedure 'GeneXus.Common.Notifications.AddDeviceTargetFilter'... 
2020-06-19 08:18:00,358: INFO  – Successful
2020-06-19 08:18:00,363: INFO  – Importing Procedure 'GeneXus.Common.Notifications.RemoveDeviceTargetFilter'... 
2020-06-19 08:18:00,465: INFO  – Successful
2020-06-19 08:18:00,470: INFO  – Importing Procedure 'GeneXus.Common.Notifications.RemoveDeviceGroups'... 
2020-06-19 08:18:00,577: INFO  – Successful
2020-06-19 08:18:00,584: INFO  – Importing Procedure 'GeneXus.Common.Notifications.SendNotification'... 
2020-06-19 08:18:00,735: INFO  – Successful
2020-06-19 08:18:00,742: INFO  – Importing Procedure 'GeneXus.Common.Notifications.SendEvent'... 
2020-06-19 08:18:00,873: INFO  – Successful
2020-06-19 08:18:00,878: INFO  – Importing Procedure 'GeneXus.Common.Notifications.SendNotificationTargets'... 
2020-06-19 08:18:01,041: INFO  – Successful
2020-06-19 08:18:01,045: INFO  – Importing Procedure 'GeneXus.Common.Notifications.SendEventTargets'... 
2020-06-19 08:18:01,191: INFO  – Successful
2020-06-19 08:18:01,196: INFO  – Importing Procedure 'GeneXus.SD.Synchronization.OfflineEventReplicator'... 
2020-06-19 08:18:01,311: INFO  – Successful
2020-06-19 08:18:01,519: INFO  – Successful
2020-06-19 08:18:01,633: INFO  – Processing file 'C:\Program Files (x86)\GeneXus\GeneXus16\ObjectDefinitions\Language\spanish.xpz'...
2020-06-19 08:18:01,656: INFO  – Reading import file objects...
2020-06-19 08:18:01,666: INFO  – Finished
2020-06-19 08:18:02,176: INFO  – Importing Language 'Spanish'... 
2020-06-19 08:18:05,381: INFO  – Successful
2020-06-19 08:18:05,404: INFO  – Processing file 'C:\Program Files (x86)\GeneXus\GeneXus16\Startup\Web\DefaultThemes.xpz'...
2020-06-19 08:18:05,431: INFO  – Checking Import References...
2020-06-19 08:18:05,433: INFO  – Finished
2020-06-19 08:18:05,433: INFO  – Reading import file objects...
2020-06-19 08:18:05,498: INFO  – Finished
2020-06-19 08:18:06,570: INFO  – Importing Theme Class 'AttSubTitle'... 
2020-06-19 08:18:06,601: INFO  – Successful
2020-06-19 08:18:06,606: INFO  – Importing Theme Class 'BlobInputAttSubTitle'... 
2020-06-19 08:18:06,635: INFO  – Successful
2020-06-19 08:18:06,639: INFO  – Importing Theme Class 'BlobContentAttSubTitle'... 
2020-06-19 08:18:06,657: INFO  – Successful
2020-06-19 08:18:06,672: INFO  – Importing Theme Class 'ReadonlyBlobContentAttSubTitle'... 
2020-06-19 08:18:06,682: INFO  – Successful
2020-06-19 08:18:06,684: INFO  – Importing Theme Class 'ReadonlyAttSubTitle'... 
2020-06-19 08:18:06,710: INFO  – Successful
2020-06-19 08:18:06,715: INFO  – Importing Theme Class 'IME_Active'... 
2020-06-19 08:18:06,736: INFO  – Successful
2020-06-19 08:18:06,740: INFO  – Importing Theme Class 'BlobContentIME_Active'... 
2020-06-19 08:18:06,763: INFO  – Successful
2020-06-19 08:18:06,766: INFO  – Importing Theme Class 'ReadonlyBlobContentIME_Active'... 
2020-06-19 08:18:06,793: INFO  – Successful
2020-06-19 08:18:06,802: INFO  – Importing Theme Class 'BlobInputIME_Active'... 
2020-06-19 08:18:06,816: INFO  – Successful
2020-06-19 08:18:06,829: INFO  – Importing Theme Class 'ReadonlyIME_Active'... 
2020-06-19 08:18:06,843: INFO  – Successful
2020-06-19 08:18:06,846: INFO  – Importing Theme Class 'IME_Inactive'... 
2020-06-19 08:18:06,871: INFO  – Successful
2020-06-19 08:18:06,875: INFO  – Importing Theme Class 'BlobContentIME_Inactive'... 
2020-06-19 08:18:06,898: INFO  – Successful
2020-06-19 08:18:06,901: INFO  – Importing Theme Class 'ReadonlyBlobContentIME_Inactive'... 
2020-06-19 08:18:06,922: INFO  – Successful
2020-06-19 08:18:06,926: INFO  – Importing Theme Class 'BlobInputIME_Inactive'... 
2020-06-19 08:18:06,949: INFO  – Successful
2020-06-19 08:18:06,955: INFO  – Importing Theme Class 'ReadonlyIME_Inactive'... 
2020-06-19 08:18:06,976: INFO  – Successful
2020-06-19 08:18:06,984: INFO  – Importing Theme Class 'IME_Disabled'... 
2020-06-19 08:18:07,007: INFO  – Successful
2020-06-19 08:18:07,012: INFO  – Importing Theme Class 'FloatingVersionText'... 
2020-06-19 08:18:07,030: INFO  – Successful
2020-06-19 08:18:07,032: INFO  – Importing Theme Class 'FloatingVersionTextColoured'... 
2020-06-19 08:18:07,067: INFO  – Successful
2020-06-19 08:18:07,072: INFO  – Importing Theme Class 'VersionText'... 
2020-06-19 08:18:07,091: INFO  – Successful
2020-06-19 08:18:07,096: INFO  – Importing Theme Class 'BlobContentIME_Disabled'... 
2020-06-19 08:18:07,119: INFO  – Successful
2020-06-19 08:18:07,123: INFO  – Importing Theme Class 'ReadonlyBlobContentIME_Disabled'... 
2020-06-19 08:18:07,157: INFO  – Successful
2020-06-19 08:18:07,163: INFO  – Importing Theme Class 'BlobInputIME_Disabled'... 
2020-06-19 08:18:07,181: INFO  – Successful
2020-06-19 08:18:07,188: INFO  – Importing Theme Class 'ReadonlyIME_Disabled'... 
2020-06-19 08:18:07,211: INFO  – Successful
2020-06-19 08:18:07,218: INFO  – Importing Theme Class 'CheckboxLabel'... 
2020-06-19 08:18:07,244: INFO  – Successful
2020-06-19 08:18:07,252: INFO  – Importing Theme Class 'BlobContentCheckboxLabel'... 
2020-06-19 08:18:07,288: INFO  – Successful
2020-06-19 08:18:07,293: INFO  – Importing Theme Class 'ReadonlyBlobContentCheckboxLabel'... 
2020-06-19 08:18:07,319: INFO  – Successful
2020-06-19 08:18:07,326: INFO  – Importing Theme Class 'BlobInputCheckboxLabel'... 
2020-06-19 08:18:07,348: INFO  – Successful
2020-06-19 08:18:07,353: INFO  – Importing Theme Class 'ReadonlyCheckboxLabel'... 
2020-06-19 08:18:07,376: INFO  – Successful
2020-06-19 08:18:07,380: INFO  – Importing Theme Class 'BottomEnter'... 
2020-06-19 08:18:07,404: INFO  – Successful
2020-06-19 08:18:07,407: INFO  – Importing Theme Class 'SpecialButtonsDisabled'... 
2020-06-19 08:18:07,422: INFO  – Successful
2020-06-19 08:18:07,438: INFO  – Importing Theme Class 'ActionButtons'... 
2020-06-19 08:18:07,440: INFO  – Successful
2020-06-19 08:18:07,443: INFO  – Importing Theme Class 'ButtonDisabled'... 
2020-06-19 08:18:07,465: INFO  – Successful
2020-06-19 08:18:07,468: INFO  – Importing Theme Class 'ButtonGAM'... 
2020-06-19 08:18:07,486: INFO  – Successful
2020-06-19 08:18:07,489: INFO  – Importing Theme Class 'VerticalTabGrid'... 
2020-06-19 08:18:07,509: INFO  – Successful
2020-06-19 08:18:07,512: INFO  – Importing Theme Class 'WorkWith'... 
2020-06-19 08:18:07,532: INFO  – Successful
2020-06-19 08:18:07,536: INFO  – Importing Theme Class 'ImageHeaderBackground'... 
2020-06-19 08:18:07,560: INFO  – Successful
2020-06-19 08:18:07,562: INFO  – Importing Theme Class 'ImageTop'... 
2020-06-19 08:18:07,578: INFO  – Successful
2020-06-19 08:18:07,581: INFO  – Importing Theme Class 'HeaderImage1'... 
2020-06-19 08:18:07,599: INFO  – Successful
2020-06-19 08:18:07,610: INFO  – Importing Theme Class 'ImageTopHeader'... 
2020-06-19 08:18:07,628: INFO  – Successful
2020-06-19 08:18:07,640: INFO  – Importing Theme Class 'ImageHandCenter'... 
2020-06-19 08:18:07,652: INFO  – Successful
2020-06-19 08:18:07,672: INFO  – Importing Theme Class 'ImageHandCenter:hover'... 
2020-06-19 08:18:07,675: INFO  – Successful
2020-06-19 08:18:07,678: INFO  – Importing Theme Class 'TabPaging'... 
2020-06-19 08:18:07,696: INFO  – Successful
2020-06-19 08:18:07,699: INFO  – Importing Theme Class 'TabPagingNext'... 
2020-06-19 08:18:07,722: INFO  – Successful
2020-06-19 08:18:07,726: INFO  – Importing Theme Class 'TabPagingPrevious'... 
2020-06-19 08:18:07,749: INFO  – Successful
2020-06-19 08:18:07,752: INFO  – Importing Theme Class 'TableGrid'... 
2020-06-19 08:18:07,771: INFO  – Successful
2020-06-19 08:18:07,774: INFO  – Importing Theme Class 'TableTop'... 
2020-06-19 08:18:07,791: INFO  – Successful
2020-06-19 08:18:07,796: INFO  – Importing Theme Class 'TableContent'... 
2020-06-19 08:18:07,820: INFO  – Successful
2020-06-19 08:18:07,824: INFO  – Importing Theme Class 'Table100x100'... 
2020-06-19 08:18:07,845: INFO  – Successful
2020-06-19 08:18:07,847: INFO  – Importing Theme Class 'TableBorder'... 
2020-06-19 08:18:07,864: INFO  – Successful
2020-06-19 08:18:07,867: INFO  – Importing Theme Class 'TableLeftMenu'... 
2020-06-19 08:18:07,885: INFO  – Successful
2020-06-19 08:18:07,889: INFO  – Importing Theme Class 'TableTopMenu'... 
2020-06-19 08:18:07,913: INFO  – Successful
2020-06-19 08:18:07,920: INFO  – Importing Theme Class 'ViewTable'... 
2020-06-19 08:18:07,936: INFO  – Successful
2020-06-19 08:18:07,940: INFO  – Importing Theme Class 'TableHorizontalLine'... 
2020-06-19 08:18:07,963: INFO  – Successful
2020-06-19 08:18:07,966: INFO  – Importing Theme Class 'HorizontalSpace'... 
2020-06-19 08:18:07,984: INFO  – Successful
2020-06-19 08:18:07,988: INFO  – Importing Theme Class 'TableBottom'... 
2020-06-19 08:18:08,014: INFO  – Successful
2020-06-19 08:18:08,021: INFO  – Importing Theme Class 'RecentLinksTable'... 
2020-06-19 08:18:08,043: INFO  – Successful
2020-06-19 08:18:08,047: INFO  – Importing Theme Class 'Table80'... 
2020-06-19 08:18:08,068: INFO  – Successful
2020-06-19 08:18:08,072: INFO  – Importing Theme Class 'Table95'... 
2020-06-19 08:18:08,091: INFO  – Successful
2020-06-19 08:18:08,097: INFO  – Importing Theme Class 'TableButtons'... 
2020-06-19 08:18:08,127: INFO  – Successful
2020-06-19 08:18:08,130: INFO  – Importing Theme Class 'bullet'... 
2020-06-19 08:18:08,150: INFO  – Successful
2020-06-19 08:18:08,155: INFO  – Importing Theme Class 'subBullet'... 
2020-06-19 08:18:08,179: INFO  – Successful
2020-06-19 08:18:08,186: INFO  – Importing Theme Class 'TextTable'... 
2020-06-19 08:18:08,212: INFO  – Successful
2020-06-19 08:18:08,217: INFO  – Importing Theme Class 'TBTopMenu'... 
2020-06-19 08:18:08,240: INFO  – Successful
2020-06-19 08:18:08,250: INFO  – Importing Theme Class 'HomeBodyText'... 
2020-06-19 08:18:08,267: INFO  – Successful
2020-06-19 08:18:08,282: INFO  – Importing Theme Class 'HomeBodyTextLink'... 
2020-06-19 08:18:08,301: INFO  – Successful
2020-06-19 08:18:08,311: INFO  – Importing Theme Class 'TBLeftMenu'... 
2020-06-19 08:18:08,334: INFO  – Successful
2020-06-19 08:18:08,343: INFO  – Importing Theme Class 'Label'... 
2020-06-19 08:18:08,361: INFO  – Successful
2020-06-19 08:18:08,375: INFO  – Importing Theme Class 'SmallText'... 
2020-06-19 08:18:08,391: INFO  – Successful
2020-06-19 08:18:08,405: INFO  – Importing Theme Class 'TextBlockHeader'... 
2020-06-19 08:18:08,429: INFO  – Successful
2020-06-19 08:18:08,442: INFO  – Importing Theme Class 'SelectedTab'... 
2020-06-19 08:18:08,466: INFO  – Successful
2020-06-19 08:18:08,485: INFO  – Importing Theme Class 'UnSelectedTab'... 
2020-06-19 08:18:08,495: INFO  – Successful
2020-06-19 08:18:08,516: INFO  – Importing Theme Class 'RecentLink'... 
2020-06-19 08:18:08,524: INFO  – Successful
2020-06-19 08:18:08,529: INFO  – Importing Theme Class 'FieldSetTitle'... 
2020-06-19 08:18:08,547: INFO  – Successful
2020-06-19 08:18:08,554: INFO  – Importing Theme Class 'Separator'... 
2020-06-19 08:18:08,576: INFO  – Successful
2020-06-19 08:18:08,579: INFO  – Importing Theme Class 'MenuOption'... 
2020-06-19 08:18:08,596: INFO  – Successful
2020-06-19 08:18:08,601: INFO  – Importing Theme Class 'SmallLink'... 
2020-06-19 08:18:08,622: INFO  – Successful
2020-06-19 08:18:08,625: INFO  – Importing Theme Class 'TabContainer'... 
2020-06-19 08:18:08,642: INFO  – Successful
2020-06-19 08:18:08,644: INFO  – Importing Theme Class 'GroupTitle'... 
2020-06-19 08:18:08,660: INFO  – Successful
2020-06-19 08:18:08,664: INFO  – Importing Theme Class 'ReadonlyMedio'... 
2020-06-19 08:18:08,682: INFO  – Successful
2020-06-19 08:18:08,703: INFO  – Importing Theme Class 'BlobContentReadonlyMedio'... 
2020-06-19 08:18:08,706: INFO  – Successful
2020-06-19 08:18:08,719: INFO  – Importing Theme Class 'ReadonlyBlobContentReadonlyMedio'... 
2020-06-19 08:18:08,727: INFO  – Successful
2020-06-19 08:18:08,735: INFO  – Importing Theme Class 'BlobInputReadonlyMedio'... 
2020-06-19 08:18:08,746: INFO  – Successful
2020-06-19 08:18:08,767: INFO  – Importing Theme Class 'ReadonlyReadonlyMedio'... 
2020-06-19 08:18:08,770: INFO  – Successful
2020-06-19 08:18:08,775: INFO  – Importing Theme Class 'CheckBox'... 
2020-06-19 08:18:08,793: INFO  – Successful
2020-06-19 08:18:08,797: INFO  – Importing Theme Class 'BlobContentCheckBox'... 
2020-06-19 08:18:08,814: INFO  – Successful
2020-06-19 08:18:08,818: INFO  – Importing Theme Class 'ReadonlyBlobContentCheckBox'... 
2020-06-19 08:18:08,836: INFO  – Successful
2020-06-19 08:18:08,844: INFO  – Importing Theme Class 'BlobInputCheckBox'... 
2020-06-19 08:18:08,867: INFO  – Successful
2020-06-19 08:18:08,874: INFO  – Importing Theme Class 'ReadonlyCheckBox'... 
2020-06-19 08:18:08,892: INFO  – Successful
2020-06-19 08:18:08,897: INFO  – Importing Theme Class 'header_pink_line'... 
2020-06-19 08:18:08,919: INFO  – Successful
2020-06-19 08:18:08,939: INFO  – Importing Theme Class 'Table960'... 
2020-06-19 08:18:08,954: INFO  – Successful
2020-06-19 08:18:08,960: INFO  – Importing Theme Class 'TableGreyFooter'... 
2020-06-19 08:18:08,981: INFO  – Successful
2020-06-19 08:18:08,985: INFO  – Importing Theme Class 'TableBlackFooter'... 
2020-06-19 08:18:09,009: INFO  – Successful
2020-06-19 08:18:09,018: INFO  – Importing Theme Class 'TableBlackHeader'... 
2020-06-19 08:18:09,042: INFO  – Successful
2020-06-19 08:18:09,047: INFO  – Importing Theme Class 'TableLogin'... 
2020-06-19 08:18:09,067: INFO  – Successful
2020-06-19 08:18:09,077: INFO  – Importing Theme Class 'FooterText'... 
2020-06-19 08:18:09,093: INFO  – Successful
2020-06-19 08:18:09,098: INFO  – Importing Theme Class 'RecentLinkItem'... 
2020-06-19 08:18:09,125: INFO  – Successful
2020-06-19 08:18:09,141: INFO  – Importing Theme Class 'VerticalMenuOption'... 
2020-06-19 08:18:09,156: INFO  – Successful
2020-06-19 08:18:09,172: INFO  – Importing Theme Class 'td5'... 
2020-06-19 08:18:09,183: INFO  – Successful
2020-06-19 08:18:09,189: INFO  – Importing Theme Class 'td100'... 
2020-06-19 08:18:09,212: INFO  – Successful
2020-06-19 08:18:09,218: INFO  – Importing Theme Class 'ToolbarMain'... 
2020-06-19 08:18:09,242: INFO  – Successful
2020-06-19 08:18:09,249: INFO  – Importing Theme Class 'TrnSublevelGrid'... 
2020-06-19 08:18:09,265: INFO  – Successful
2020-06-19 08:18:09,282: INFO  – Importing Theme Class 'LevelTable'... 
2020-06-19 08:18:09,300: INFO  – Successful
2020-06-19 08:18:09,311: INFO  – Importing Theme Class 'BodyContainer'... 
2020-06-19 08:18:09,332: INFO  – Successful
2020-06-19 08:18:09,344: INFO  – Importing Theme Class 'HeaderContainer'... 
2020-06-19 08:18:09,356: INFO  – Successful
2020-06-19 08:18:09,375: INFO  – Importing Theme Class 'RecentLinksContainer'... 
2020-06-19 08:18:09,383: INFO  – Successful
2020-06-19 08:18:09,391: INFO  – Importing Theme Class 'RecentsTitle'... 
2020-06-19 08:18:09,412: INFO  – Successful
2020-06-19 08:18:09,422: INFO  – Importing Theme Class 'FormContainer'... 
2020-06-19 08:18:09,439: INFO  – Successful
2020-06-19 08:18:09,452: INFO  – Importing Theme Class 'ActionColumn'... 
2020-06-19 08:18:09,463: INFO  – Successful
2020-06-19 08:18:09,468: INFO  – Importing Theme Class 'Container'... 
2020-06-19 08:18:09,496: INFO  – Successful
2020-06-19 08:18:09,516: INFO  – Importing Theme Class 'FilterAttribute'... 
2020-06-19 08:18:09,526: INFO  – Successful
2020-06-19 08:18:09,532: INFO  – Importing Theme Class 'ReadonlyBlobContentFilterAttribute'... 
2020-06-19 08:18:09,563: INFO  – Successful
2020-06-19 08:18:09,567: INFO  – Importing Theme Class 'BlobContentFilterAttribute'... 
2020-06-19 08:18:09,585: INFO  – Successful
2020-06-19 08:18:09,590: INFO  – Importing Theme Class 'ReadonlyFilterAttribute'... 
2020-06-19 08:18:09,615: INFO  – Successful
2020-06-19 08:18:09,619: INFO  – Importing Theme Class 'WWColumn'... 
2020-06-19 08:18:09,643: INFO  – Successful
2020-06-19 08:18:09,647: INFO  – Importing Theme Class 'WWActionColumn'... 
2020-06-19 08:18:09,676: INFO  – Successful
2020-06-19 08:18:09,681: INFO  – Importing Theme Class 'PoweredBy'... 
2020-06-19 08:18:09,705: INFO  – Successful
2020-06-19 08:18:09,709: INFO  – Importing Theme Class 'ReadonlyBlobContentDescriptionAttribute'... 
2020-06-19 08:18:09,755: INFO  – Successful
2020-06-19 08:18:09,764: INFO  – Importing Theme Class 'BlobContentDescriptionAttribute'... 
2020-06-19 08:18:09,778: INFO  – Successful
2020-06-19 08:18:09,783: INFO  – Importing Theme Class 'DescriptionAttribute'... 
2020-06-19 08:18:09,798: INFO  – Successful
2020-06-19 08:18:09,801: INFO  – Importing Theme Class 'ReadonlyDescriptionAttribute'... 
2020-06-19 08:18:09,825: INFO  – Successful
2020-06-19 08:18:09,828: INFO  – Importing Theme Class 'ActionAttribute'... 
2020-06-19 08:18:09,853: INFO  – Successful
2020-06-19 08:18:09,857: INFO  – Importing Theme Class 'ReadonlyBlobContentActionAttribute'... 
2020-06-19 08:18:09,890: INFO  – Successful
2020-06-19 08:18:09,893: INFO  – Importing Theme Class 'BlobContentActionAttribute'... 
2020-06-19 08:18:09,907: INFO  – Successful
2020-06-19 08:18:09,912: INFO  – Importing Theme Class 'ReadonlyActionAttribute'... 
2020-06-19 08:18:09,939: INFO  – Successful
2020-06-19 08:18:09,948: INFO  – Importing Theme Class 'ReadonlyBlobContentUpdateAttribute'... 
2020-06-19 08:18:09,989: INFO  – Successful
2020-06-19 08:18:09,995: INFO  – Importing Theme Class 'BlobContentUpdateAttribute'... 
2020-06-19 08:18:10,008: INFO  – Successful
2020-06-19 08:18:10,014: INFO  – Importing Theme Class 'UpdateAttribute'... 
2020-06-19 08:18:10,027: INFO  – Successful
2020-06-19 08:18:10,030: INFO  – Importing Theme Class 'ReadonlyUpdateAttribute'... 
2020-06-19 08:18:10,056: INFO  – Successful
2020-06-19 08:18:10,062: INFO  – Importing Theme Class 'ReadonlyBlobContentDeleteAttribute'... 
2020-06-19 08:18:10,101: INFO  – Successful
2020-06-19 08:18:10,105: INFO  – Importing Theme Class 'BlobContentDeleteAttribute'... 
2020-06-19 08:18:10,117: INFO  – Successful
2020-06-19 08:18:10,124: INFO  – Importing Theme Class 'DeleteAttribute'... 
2020-06-19 08:18:10,134: INFO  – Successful
2020-06-19 08:18:10,142: INFO  – Importing Theme Class 'ReadonlyDeleteAttribute'... 
2020-06-19 08:18:10,167: INFO  – Successful
2020-06-19 08:18:10,189: INFO  – Importing Theme Class 'WWAdvancedLabel'... 
2020-06-19 08:18:10,194: INFO  – Successful
2020-06-19 08:18:10,204: INFO  – Importing Theme Class 'WWOrderByLabel'... 
2020-06-19 08:18:10,223: INFO  – Successful
2020-06-19 08:18:10,227: INFO  – Importing Theme Class 'WWFilterLabel'... 
2020-06-19 08:18:10,256: INFO  – Successful
2020-06-19 08:18:10,262: INFO  – Importing Theme Class 'AdvancedContainerItem'... 
2020-06-19 08:18:10,287: INFO  – Successful
2020-06-19 08:18:10,754: INFO  – Importing Theme Class 'AdvancedContainerItemExpanded'... 
2020-06-19 08:18:10,779: INFO  – Successful
2020-06-19 08:18:10,782: INFO  – Importing Theme Class 'AdvancedContainer'... 
2020-06-19 08:18:10,818: INFO  – Successful
2020-06-19 08:18:10,819: INFO  – Importing Theme Class 'OrdersTable'... 
2020-06-19 08:18:10,839: INFO  – Successful
2020-06-19 08:18:10,843: INFO  – Importing Theme Class 'WWOrderItem'... 
2020-06-19 08:18:10,865: INFO  – Successful
2020-06-19 08:18:10,868: INFO  – Importing Theme Class 'WWOrderItemSelected'... 
2020-06-19 08:18:10,916: INFO  – Successful
2020-06-19 08:18:10,921: INFO  – Importing Theme Class 'WWOrderItemSelectedHover'... 
2020-06-19 08:18:10,942: INFO  – Successful
2020-06-19 08:18:10,945: INFO  – Importing Theme Class 'WWLinkOrderItemSelected'... 
2020-06-19 08:18:10,970: INFO  – Successful
2020-06-19 08:18:10,975: INFO  – Importing Theme Class 'WWActionsCell'... 
2020-06-19 08:18:11,001: INFO  – Successful
2020-06-19 08:18:11,006: INFO  – Importing Theme Class 'BackgroundColorRow'... 
2020-06-19 08:18:11,027: INFO  – Successful
2020-06-19 08:18:11,032: INFO  – Importing Theme Class 'WWFiltersCell'... 
2020-06-19 08:18:11,055: INFO  – Successful
2020-06-19 08:18:11,063: INFO  – Importing Theme Class 'OrdersCell'... 
2020-06-19 08:18:11,083: INFO  – Successful
2020-06-19 08:18:11,094: INFO  – Importing Theme Class 'WWAdvancedContainer'... 
2020-06-19 08:18:11,113: INFO  – Successful
2020-06-19 08:18:11,124: INFO  – Importing Theme Class 'WWAdvancedBarCell'... 
2020-06-19 08:18:11,138: INFO  – Successful
2020-06-19 08:18:11,156: INFO  – Importing Theme Class 'WWGridCell'... 
2020-06-19 08:18:11,173: INFO  – Successful
2020-06-19 08:18:11,189: INFO  – Importing Theme Class 'WWDateFilterLabel'... 
2020-06-19 08:18:11,204: INFO  – Successful
2020-06-19 08:18:11,208: INFO  – Importing Theme Class 'ReadonlyBlobContentDisplayAttribute'... 
2020-06-19 08:18:11,244: INFO  – Successful
2020-06-19 08:18:11,254: INFO  – Importing Theme Class 'BlobContentDisplayAttribute'... 
2020-06-19 08:18:11,269: INFO  – Successful
2020-06-19 08:18:11,272: INFO  – Importing Theme Class 'DisplayAttribute'... 
2020-06-19 08:18:11,284: INFO  – Successful
2020-06-19 08:18:11,288: INFO  – Importing Theme Class 'ReadonlyDisplayAttribute'... 
2020-06-19 08:18:11,310: INFO  – Successful
2020-06-19 08:18:11,314: INFO  – Importing Theme Class 'WWOptionalColumn'... 
2020-06-19 08:18:11,335: INFO  – Successful
2020-06-19 08:18:11,338: INFO  – Importing Theme Class 'ViewActionsCell'... 
2020-06-19 08:18:11,366: INFO  – Successful
2020-06-19 08:18:11,371: INFO  – Importing Theme Class 'ReadonlyBlobContentResponsiveImageAttribute'... 
2020-06-19 08:18:11,415: INFO  – Successful
2020-06-19 08:18:11,420: INFO  – Importing Theme Class 'BlobContentResponsiveImageAttribute'... 
2020-06-19 08:18:11,439: INFO  – Successful
2020-06-19 08:18:11,446: INFO  – Importing Theme Class 'ResponsiveImageAttribute'... 
2020-06-19 08:18:11,459: INFO  – Successful
2020-06-19 08:18:11,469: INFO  – Importing Theme Class 'ReadonlyResponsiveImageAttribute'... 
2020-06-19 08:18:11,487: INFO  – Successful
2020-06-19 08:18:11,500: INFO  – Importing Theme Class 'ViewGridActionsCell'... 
2020-06-19 08:18:11,514: INFO  – Successful
2020-06-19 08:18:11,517: INFO  – Importing Theme Class 'RecentLinksGrid'... 
2020-06-19 08:18:11,543: INFO  – Successful
2020-06-19 08:18:11,548: INFO  – Importing Theme Class 'RecentLinksMainTable'... 
2020-06-19 08:18:11,571: INFO  – Successful
2020-06-19 08:18:11,576: INFO  – Importing Theme Class 'RecentLinksMainTableExpanded'... 
2020-06-19 08:18:11,598: INFO  – Successful
2020-06-19 08:18:11,602: INFO  – Importing Theme Class 'OptionalColumn'... 
2020-06-19 08:18:11,632: INFO  – Successful
2020-06-19 08:18:11,637: INFO  – Importing Theme Class 'PromptContainer'... 
2020-06-19 08:18:11,657: INFO  – Successful
2020-06-19 08:18:11,660: INFO  – Importing Theme Class 'PromptMainTable'... 
2020-06-19 08:18:11,682: INFO  – Successful
2020-06-19 08:18:11,685: INFO  – Importing Theme Class 'SelectionAttribute'... 
2020-06-19 08:18:11,704: INFO  – Successful
2020-06-19 08:18:11,709: INFO  – Importing Theme Class 'ReadonlyBlobContentSelectionAttribute'... 
2020-06-19 08:18:11,751: INFO  – Successful
2020-06-19 08:18:11,756: INFO  – Importing Theme Class 'BlobContentSelectionAttribute'... 
2020-06-19 08:18:11,768: INFO  – Successful
2020-06-19 08:18:11,782: INFO  – Importing Theme Class 'ReadonlySelectionAttribute'... 
2020-06-19 08:18:11,793: INFO  – Successful
2020-06-19 08:18:11,812: INFO  – Importing Theme Class 'ReadonlyBlobContentDisabledActionAttribute'... 
2020-06-19 08:18:11,848: INFO  – Successful
2020-06-19 08:18:11,851: INFO  – Importing Theme Class 'BlobContentDisabledActionAttribute'... 
2020-06-19 08:18:11,864: INFO  – Successful
2020-06-19 08:18:11,868: INFO  – Importing Theme Class 'DisabledActionAttribute'... 
2020-06-19 08:18:11,887: INFO  – Successful
2020-06-19 08:18:11,893: INFO  – Importing Theme Class 'ReadonlyDisabledActionAttribute'... 
2020-06-19 08:18:11,919: INFO  – Successful
2020-06-19 08:18:11,924: INFO  – Importing Theme Class 'MainContainer'... 
2020-06-19 08:18:11,947: INFO  – Successful
2020-06-19 08:18:11,950: INFO  – Importing Theme Class 'ViewGridCell'... 
2020-06-19 08:18:11,970: INFO  – Successful
2020-06-19 08:18:11,973: INFO  – Importing Theme Class 'ViewAdvancedBarCell'... 
2020-06-19 08:18:12,002: INFO  – Successful
2020-06-19 08:18:12,014: INFO  – Importing Theme Class 'ViewGridCellAdvanced'... 
2020-06-19 08:18:12,029: INFO  – Successful
2020-06-19 08:18:12,047: INFO  – Importing Theme Class 'BtnToggle'... 
2020-06-19 08:18:12,059: INFO  – Successful
2020-06-19 08:18:12,063: INFO  – Importing Theme Class 'ToggleCell'... 
2020-06-19 08:18:12,085: INFO  – Successful
2020-06-19 08:18:12,090: INFO  – Importing Theme Class 'ToolbarCellClass'... 
2020-06-19 08:18:12,118: INFO  – Successful
2020-06-19 08:18:12,125: INFO  – Importing Theme Class 'AdvancedContainerVisible'... 
2020-06-19 08:18:12,144: INFO  – Successful
2020-06-19 08:18:12,149: INFO  – Importing Theme Class 'BtnToggleActive'... 
2020-06-19 08:18:12,172: INFO  – Successful
2020-06-19 08:18:12,178: INFO  – Importing Theme Class 'GridTabMainTable'... 
2020-06-19 08:18:12,204: INFO  – Successful
2020-06-19 08:18:12,208: INFO  – Importing Theme Class 'PromptAdvancedBarCell'... 
2020-06-19 08:18:12,228: INFO  – Successful
2020-06-19 08:18:12,232: INFO  – Importing Theme Class 'VerticalCenteredCell'... 
2020-06-19 08:18:12,256: INFO  – Successful
2020-06-19 08:18:12,265: INFO  – Importing Theme Class 'TableBorder100x100'... 
2020-06-19 08:18:12,284: INFO  – Successful
2020-06-19 08:18:12,296: INFO  – Importing Theme Class 'HorizantalSpace'... 
2020-06-19 08:18:12,305: INFO  – Successful
2020-06-19 08:18:12,313: INFO  – Importing Theme Class 'ContainerFluid'... 
2020-06-19 08:18:12,336: INFO  – Successful
2020-06-19 08:18:12,341: INFO  – Importing Theme Class 'BlobInputFilterAttribute'... 
2020-06-19 08:18:12,370: INFO  – Successful
2020-06-19 08:18:12,374: INFO  – Importing Theme Class 'BlobInputDescriptionAttribute'... 
2020-06-19 08:18:12,396: INFO  – Successful
2020-06-19 08:18:12,399: INFO  – Importing Theme Class 'BlobInputActionAttribute'... 
2020-06-19 08:18:12,420: INFO  – Successful
2020-06-19 08:18:12,424: INFO  – Importing Theme Class 'BlobInputUpdateAttribute'... 
2020-06-19 08:18:12,453: INFO  – Successful
2020-06-19 08:18:12,457: INFO  – Importing Theme Class 'BlobInputDeleteAttribute'... 
2020-06-19 08:18:12,480: INFO  – Successful
2020-06-19 08:18:12,484: INFO  – Importing Theme Class 'BlobInputDisplayAttribute'... 
2020-06-19 08:18:12,505: INFO  – Successful
2020-06-19 08:18:12,510: INFO  – Importing Theme Class 'InsertAttribute'... 
2020-06-19 08:18:12,532: INFO  – Successful
2020-06-19 08:18:12,548: INFO  – Importing Theme Class 'BlobInputResponsiveImageAttribute'... 
2020-06-19 08:18:12,559: INFO  – Successful
2020-06-19 08:18:12,601: INFO  – Importing Theme Class 'ResponsiveImage'... 
2020-06-19 08:18:12,636: INFO  – Successful
2020-06-19 08:18:12,636: INFO  – Importing Theme Class 'BtnTextBlock'... 
2020-06-19 08:18:12,656: INFO  – Successful
2020-06-19 08:18:12,660: INFO  – Importing Theme Class 'PromptGrid'... 
2020-06-19 08:18:12,685: INFO  – Successful
2020-06-19 08:18:12,690: INFO  – Importing Theme Class 'BlobInputSelectionAttribute'... 
2020-06-19 08:18:12,718: INFO  – Successful
2020-06-19 08:18:12,722: INFO  – Importing Theme Class 'BlobInputDisabledActionAttribute'... 
2020-06-19 08:18:12,739: INFO  – Successful
2020-06-19 08:18:12,742: INFO  – Importing Theme Class 'SelectedMenuOption'... 
2020-06-19 08:18:12,766: INFO  – Successful
2020-06-19 08:18:12,781: INFO  – Importing Theme Class 'HeaderLine'... 
2020-06-19 08:18:12,801: INFO  – Successful
2020-06-19 08:18:12,802: INFO  – Importing Theme Class 'TextLikeLink'... 
2020-06-19 08:18:12,823: INFO  – Successful
2020-06-19 08:18:12,830: INFO  – Importing Theme Class 'collapse'... 
2020-06-19 08:18:12,851: INFO  – Successful
2020-06-19 08:18:12,855: INFO  – Importing Theme Class 'dropdown-toggle'... 
2020-06-19 08:18:12,875: INFO  – Successful
2020-06-19 08:18:12,880: INFO  – Importing Theme Class 'WelcomeText'... 
2020-06-19 08:18:12,907: INFO  – Successful
2020-06-19 08:18:12,911: INFO  – Importing Theme Class 'WelcomeTextName'... 
2020-06-19 08:18:12,932: INFO  – Successful
2020-06-19 08:18:12,936: INFO  – Importing Theme Class 'BtnLogin'... 
2020-06-19 08:18:12,958: INFO  – Successful
2020-06-19 08:18:12,962: INFO  – Importing Theme Class 'FilterComboAttribute'... 
2020-06-19 08:18:12,984: INFO  – Successful
2020-06-19 08:18:13,000: INFO  – Importing Theme Class 'BlobContentFilterComboAttribute'... 
2020-06-19 08:18:13,012: INFO  – Successful
2020-06-19 08:18:13,030: INFO  – Importing Theme Class 'ReadonlyBlobContentFilterComboAttribute'... 
2020-06-19 08:18:13,038: INFO  – Successful
2020-06-19 08:18:13,047: INFO  – Importing Theme Class 'BlobInputFilterComboAttribute'... 
2020-06-19 08:18:13,066: INFO  – Successful
2020-06-19 08:18:13,070: INFO  – Importing Theme Class 'ReadonlyFilterComboAttribute'... 
2020-06-19 08:18:13,101: INFO  – Successful
2020-06-19 08:18:13,104: INFO  – Importing Theme Class 'ImageAdd'... 
2020-06-19 08:18:13,129: INFO  – Successful
2020-06-19 08:18:13,136: INFO  – Importing Theme Class 'gx-navbar-inner'... 
2020-06-19 08:18:13,157: INFO  – Successful
2020-06-19 08:18:13,161: INFO  – Importing Theme Class 'ContentPlace'... 
2020-06-19 08:18:13,195: INFO  – Successful
2020-06-19 08:18:13,200: INFO  – Importing Theme Class 'LoginAttribute'... 
2020-06-19 08:18:13,222: INFO  – Successful
2020-06-19 08:18:13,233: INFO  – Importing Theme Class 'BlobContentLoginAttribute'... 
2020-06-19 08:18:13,247: INFO  – Successful
2020-06-19 08:18:13,267: INFO  – Importing Theme Class 'ReadonlyBlobContentLoginAttribute'... 
2020-06-19 08:18:13,280: INFO  – Successful
2020-06-19 08:18:13,286: INFO  – Importing Theme Class 'BlobInputLoginAttribute'... 
2020-06-19 08:18:13,307: INFO  – Successful
2020-06-19 08:18:13,312: INFO  – Importing Theme Class 'ReadonlyLoginAttribute'... 
2020-06-19 08:18:13,336: INFO  – Successful
2020-06-19 08:18:13,340: INFO  – Importing Theme Class 'PagingText'... 
2020-06-19 08:18:13,362: INFO  – Successful
2020-06-19 08:18:13,369: INFO  – Importing Theme Class 'SelectedPagingText'... 
2020-06-19 08:18:13,396: INFO  – Successful
2020-06-19 08:18:13,403: INFO  – Importing Theme Class 'GlobalTitle'... 
2020-06-19 08:18:13,426: INFO  – Successful
2020-06-19 08:18:13,438: INFO  – Importing Theme Class 'BigGlobalTitle'... 
2020-06-19 08:18:13,453: INFO  – Successful
2020-06-19 08:18:13,472: INFO  – Importing Theme Class 'TopBottom30'... 
2020-06-19 08:18:13,490: INFO  – Successful
2020-06-19 08:18:13,494: INFO  – Importing Theme Class 'TopBottom5'... 
2020-06-19 08:18:13,518: INFO  – Successful
2020-06-19 08:18:13,522: INFO  – Importing Theme Class 'BigTitle'... 
2020-06-19 08:18:13,554: INFO  – Successful
2020-06-19 08:18:13,559: INFO  – Importing Theme Class 'UncollapsedBigTitle'... 
2020-06-19 08:18:13,587: INFO  – Successful
2020-06-19 08:18:13,592: INFO  – Importing Theme Class 'ImageBack'... 
2020-06-19 08:18:13,615: INFO  – Successful
2020-06-19 08:18:13,624: INFO  – Importing Theme Class 'RequiredAttribute'... 
2020-06-19 08:18:13,642: INFO  – Successful
2020-06-19 08:18:13,655: INFO  – Importing Theme Class 'BlobContentRequiredAttribute'... 
2020-06-19 08:18:13,677: INFO  – Successful
2020-06-19 08:18:13,682: INFO  – Importing Theme Class 'ReadonlyBlobContentRequiredAttribute'... 
2020-06-19 08:18:13,708: INFO  – Successful
2020-06-19 08:18:13,712: INFO  – Importing Theme Class 'BlobInputRequiredAttribute'... 
2020-06-19 08:18:13,734: INFO  – Successful
2020-06-19 08:18:13,738: INFO  – Importing Theme Class 'ReadonlyRequiredAttribute'... 
2020-06-19 08:18:13,764: INFO  – Successful
2020-06-19 08:18:13,769: INFO  – Importing Theme Class 'RequiredLabel'... 
2020-06-19 08:18:13,796: INFO  – Successful
2020-06-19 08:18:13,814: INFO  – Importing Theme Class 'BtnAdd'... 
2020-06-19 08:18:13,823: INFO  – Successful
2020-06-19 08:18:13,843: INFO  – Importing Theme Class 'ReservedSpaceCell'... 
2020-06-19 08:18:13,850: INFO  – Successful
2020-06-19 08:18:13,859: INFO  – Importing Theme Class 'InactiveAttribute'... 
2020-06-19 08:18:13,886: INFO  – Successful
2020-06-19 08:18:13,890: INFO  – Importing Theme Class 'BlobContentInactiveAttribute'... 
2020-06-19 08:18:13,913: INFO  – Successful
2020-06-19 08:18:13,917: INFO  – Importing Theme Class 'ReadonlyBlobContentInactiveAttribute'... 
2020-06-19 08:18:13,939: INFO  – Successful
2020-06-19 08:18:13,943: INFO  – Importing Theme Class 'BlobInputInactiveAttribute'... 
2020-06-19 08:18:13,969: INFO  – Successful
2020-06-19 08:18:13,974: INFO  – Importing Theme Class 'ReadonlyInactiveAttribute'... 
2020-06-19 08:18:14,009: INFO  – Successful
2020-06-19 08:18:14,016: INFO  – Importing Theme Class 'MainMenu'... 
2020-06-19 08:18:14,034: INFO  – Successful
2020-06-19 08:18:14,046: INFO  – Importing Theme Class 'MainMenuTitle'... 
2020-06-19 08:18:14,069: INFO  – Successful
2020-06-19 08:18:14,074: INFO  – Importing Theme Class 'TableHeaderRight'... 
2020-06-19 08:18:14,097: INFO  – Successful
2020-06-19 08:18:14,101: INFO  – Importing Theme Class 'TableLogo'... 
2020-06-19 08:18:14,126: INFO  – Successful
2020-06-19 08:18:14,134: INFO  – Importing Theme Class 'ComboAttribute'... 
2020-06-19 08:18:14,158: INFO  – Successful
2020-06-19 08:18:14,168: INFO  – Importing Theme Class 'BlobContentComboAttribute'... 
2020-06-19 08:18:14,188: INFO  – Successful
2020-06-19 08:18:14,203: INFO  – Importing Theme Class 'ReadonlyBlobContentComboAttribute'... 
2020-06-19 08:18:14,217: INFO  – Successful
2020-06-19 08:18:14,233: INFO  – Importing Theme Class 'BlobInputComboAttribute'... 
2020-06-19 08:18:14,247: INFO  – Successful
2020-06-19 08:18:14,253: INFO  – Importing Theme Class 'ReadonlyComboAttribute'... 
2020-06-19 08:18:14,279: INFO  – Successful
2020-06-19 08:18:14,282: INFO  – Importing Theme Class 'BtnBack'... 
2020-06-19 08:18:14,304: INFO  – Successful
2020-06-19 08:18:14,309: INFO  – Importing Theme Class 'FormCell'... 
2020-06-19 08:18:14,332: INFO  – Successful
2020-06-19 08:18:14,339: INFO  – Importing Theme Class 'FiltersContainer'... 
2020-06-19 08:18:14,368: INFO  – Successful
2020-06-19 08:18:14,375: INFO  – Importing Theme Class 'FiltersContainerItem'... 
2020-06-19 08:18:14,399: INFO  – Successful
2020-06-19 08:18:14,403: INFO  – Importing Theme Class 'TableTopSearch'... 
2020-06-19 08:18:14,426: INFO  – Successful
2020-06-19 08:18:14,430: INFO  – Importing Theme Class 'SubtitleAttribute'... 
2020-06-19 08:18:14,458: INFO  – Successful
2020-06-19 08:18:14,464: INFO  – Importing Theme Class 'BlobContentSubtitleAttribute'... 
2020-06-19 08:18:14,484: INFO  – Successful
2020-06-19 08:18:14,489: INFO  – Importing Theme Class 'ReadonlyBlobContentSubtitleAttribute'... 
2020-06-19 08:18:14,512: INFO  – Successful
2020-06-19 08:18:14,531: INFO  – Importing Theme Class 'BlobInputSubtitleAttribute'... 
2020-06-19 08:18:14,539: INFO  – Successful
2020-06-19 08:18:14,547: INFO  – Importing Theme Class 'ReadonlySubtitleAttribute'... 
2020-06-19 08:18:14,573: INFO  – Successful
2020-06-19 08:18:14,577: INFO  – Importing Theme Class 'LoginContainer'... 
2020-06-19 08:18:14,602: INFO  – Successful
2020-06-19 08:18:14,607: INFO  – Importing Theme Class 'FilterLabel'... 
2020-06-19 08:18:14,627: INFO  – Successful
2020-06-19 08:18:14,632: INFO  – Importing Theme Class 'FilterSearchAttribute'... 
2020-06-19 08:18:14,656: INFO  – Successful
2020-06-19 08:18:14,672: INFO  – Importing Theme Class 'BlobContentFilterSearchAttribute'... 
2020-06-19 08:18:14,684: INFO  – Successful
2020-06-19 08:18:14,703: INFO  – Importing Theme Class 'ReadonlyBlobContentFilterSearchAttribute'... 
2020-06-19 08:18:14,716: INFO  – Successful
2020-06-19 08:18:14,720: INFO  – Importing Theme Class 'BlobInputFilterSearchAttribute'... 
2020-06-19 08:18:14,739: INFO  – Successful
2020-06-19 08:18:14,746: INFO  – Importing Theme Class 'ReadonlyFilterSearchAttribute'... 
2020-06-19 08:18:14,773: INFO  – Successful
2020-06-19 08:18:14,777: INFO  – Importing Theme Class 'UnauthorizedImage'... 
2020-06-19 08:18:14,801: INFO  – Successful
2020-06-19 08:18:14,812: INFO  – Importing Theme Class 'SeparateBigTitle'... 
2020-06-19 08:18:14,828: INFO  – Successful
2020-06-19 08:18:14,844: INFO  – Importing Theme Class 'SmallTableLogin'... 
2020-06-19 08:18:14,861: INFO  – Successful
2020-06-19 08:18:14,866: INFO  – Importing Theme Class 'FormCellSimple'... 
2020-06-19 08:18:14,890: INFO  – Successful
2020-06-19 08:18:14,893: INFO  – Importing Theme Class 'LargeTableLogin'... 
2020-06-19 08:18:14,915: INFO  – Successful
2020-06-19 08:18:14,919: INFO  – Importing Theme Class 'WelcomeTable'... 
2020-06-19 08:18:14,939: INFO  – Successful
2020-06-19 08:18:14,952: INFO  – Importing Theme Class 'LoginComboAttribute'... 
2020-06-19 08:18:14,970: INFO  – Successful
2020-06-19 08:18:14,984: INFO  – Importing Theme Class 'BlobContentLoginComboAttribute'... 
2020-06-19 08:18:14,999: INFO  – Successful
2020-06-19 08:18:15,004: INFO  – Importing Theme Class 'ReadonlyBlobContentLoginComboAttribute'... 
2020-06-19 08:18:15,026: INFO  – Successful
2020-06-19 08:18:15,029: INFO  – Importing Theme Class 'BlobInputLoginComboAttribute'... 
2020-06-19 08:18:15,053: INFO  – Successful
2020-06-19 08:18:15,059: INFO  – Importing Theme Class 'ReadonlyLoginComboAttribute'... 
2020-06-19 08:18:15,083: INFO  – Successful
2020-06-19 08:18:15,093: INFO  – Importing Theme Class 'SubtitleLabel'... 
2020-06-19 08:18:15,105: INFO  – Successful
2020-06-19 08:18:15,124: INFO  – Importing Theme Class 'SubtitleContainer'... 
2020-06-19 08:18:15,134: INFO  – Successful
2020-06-19 08:18:15,141: INFO  – Importing Theme Class 'WWSecondaryColumn'... 
2020-06-19 08:18:15,166: INFO  – Successful
2020-06-19 08:18:15,170: INFO  – Importing Theme Class 'WWFiltersCellCollapsed'... 
2020-06-19 08:18:15,196: INFO  – Successful
2020-06-19 08:18:15,200: INFO  – Importing Theme Class 'WWGridCellExpanded'... 
2020-06-19 08:18:15,222: INFO  – Successful
2020-06-19 08:18:15,228: INFO  – Importing Theme Class 'URLAttribute'... 
2020-06-19 08:18:15,254: INFO  – Successful
2020-06-19 08:18:15,265: INFO  – Importing Theme Class 'BlobContentURLAttribute'... 
2020-06-19 08:18:15,283: INFO  – Successful
2020-06-19 08:18:15,287: INFO  – Importing Theme Class 'ReadonlyBlobContentURLAttribute'... 
2020-06-19 08:18:15,312: INFO  – Successful
2020-06-19 08:18:15,316: INFO  – Importing Theme Class 'BlobInputURLAttribute'... 
2020-06-19 08:18:15,334: INFO  – Successful
2020-06-19 08:18:15,337: INFO  – Importing Theme Class 'ReadonlyURLAttribute'... 
2020-06-19 08:18:15,366: INFO  – Successful
2020-06-19 08:18:15,374: INFO  – Importing Theme Class 'SelectedMainMenuItem'... 
2020-06-19 08:18:15,394: INFO  – Successful
2020-06-19 08:18:15,405: INFO  – Importing Theme Class 'SelectedSubMenuItem'... 
2020-06-19 08:18:15,430: INFO  – Successful
2020-06-19 08:18:15,433: INFO  – Importing Theme Class 'Submenu'... 
2020-06-19 08:18:15,458: INFO  – Successful
2020-06-19 08:18:15,463: INFO  – Importing Theme Class 'HideFiltersButton'... 
2020-06-19 08:18:15,489: INFO  – Successful
2020-06-19 08:18:15,493: INFO  – Importing Theme Class 'FilterContainerItemSearch'... 
2020-06-19 08:18:15,517: INFO  – Successful
2020-06-19 08:18:15,531: INFO  – Importing Theme Class 'LogoutMenuOption'... 
2020-06-19 08:18:15,551: INFO  – Successful
2020-06-19 08:18:15,562: INFO  – Importing Theme Class 'SpecialText'... 
2020-06-19 08:18:15,578: INFO  – Successful
2020-06-19 08:18:15,582: INFO  – Importing Theme Class 'SpecialTextLabel'... 
2020-06-19 08:18:15,606: INFO  – Successful
2020-06-19 08:18:15,611: INFO  – Importing Theme Class 'ProfileImageAttribute'... 
2020-06-19 08:18:15,637: INFO  – Successful
2020-06-19 08:18:15,655: INFO  – Importing Theme Class 'BlobContentProfileImageAttribute'... 
2020-06-19 08:18:15,667: INFO  – Successful
2020-06-19 08:18:15,687: INFO  – Importing Theme Class 'ReadonlyBlobContentProfileImageAttribute'... 
2020-06-19 08:18:15,700: INFO  – Successful
2020-06-19 08:18:15,705: INFO  – Importing Theme Class 'BlobInputProfileImageAttribute'... 
2020-06-19 08:18:15,726: INFO  – Successful
2020-06-19 08:18:15,732: INFO  – Importing Theme Class 'ReadonlyProfileImageAttribute'... 
2020-06-19 08:18:15,759: INFO  – Successful
2020-06-19 08:18:15,763: INFO  – Importing Theme Class 'SmallProfileImageAttribute'... 
2020-06-19 08:18:15,784: INFO  – Successful
2020-06-19 08:18:15,797: INFO  – Importing Theme Class 'BlobContentSmallProfileImageAttribute'... 
2020-06-19 08:18:15,819: INFO  – Successful
2020-06-19 08:18:15,824: INFO  – Importing Theme Class 'ReadonlyBlobContentSmallProfileImageAttribute'... 
2020-06-19 08:18:15,849: INFO  – Successful
2020-06-19 08:18:15,853: INFO  – Importing Theme Class 'BlobInputSmallProfileImageAttribute'... 
2020-06-19 08:18:15,875: INFO  – Successful
2020-06-19 08:18:15,881: INFO  – Importing Theme Class 'ReadonlySmallProfileImageAttribute'... 
2020-06-19 08:18:16,316: INFO  – Successful
2020-06-19 08:18:16,328: INFO  – Importing Theme Class 'RegistrationAttribute'... 
2020-06-19 08:18:16,357: INFO  – Successful
2020-06-19 08:18:16,361: INFO  – Importing Theme Class 'BlobContentRegistrationAttribute'... 
2020-06-19 08:18:16,380: INFO  – Successful
2020-06-19 08:18:16,383: INFO  – Importing Theme Class 'ReadonlyBlobContentRegistrationAttribute'... 
2020-06-19 08:18:16,410: INFO  – Successful
2020-06-19 08:18:16,415: INFO  – Importing Theme Class 'BlobInputRegistrationAttribute'... 
2020-06-19 08:18:16,444: INFO  – Successful
2020-06-19 08:18:16,455: INFO  – Importing Theme Class 'ReadonlyRegistrationAttribute'... 
2020-06-19 08:18:16,471: INFO  – Successful
2020-06-19 08:18:16,476: INFO  – Importing Theme Class 'TabsFormContainer'... 
2020-06-19 08:18:16,495: INFO  – Successful
2020-06-19 08:18:16,500: INFO  – Importing Theme Class 'NegativeMarginTop10'... 
2020-06-19 08:18:16,519: INFO  – Successful
2020-06-19 08:18:16,526: INFO  – Importing Theme Class 'gx-button'... 
2020-06-19 08:18:16,555: INFO  – Successful
2020-06-19 08:18:16,563: INFO  – Importing Theme Class 'Confirm'... 
2020-06-19 08:18:16,592: INFO  – Successful
2020-06-19 08:18:16,596: INFO  – Importing Theme Class 'BtnEnterHovered'... 
2020-06-19 08:18:16,614: INFO  – Successful
2020-06-19 08:18:16,618: INFO  – Importing Theme Class 'BtnCancelHovered'... 
2020-06-19 08:18:16,645: INFO  – Successful
2020-06-19 08:18:16,655: INFO  – Importing Theme Class 'Table193x216'... 
2020-06-19 08:18:16,671: INFO  – Successful
2020-06-19 08:18:16,688: INFO  – Importing Theme Class 'Table193x216Collapsed'... 
2020-06-19 08:18:16,698: INFO  – Successful
2020-06-19 08:18:16,702: INFO  – Importing Theme Class 'RoundedImage'... 
2020-06-19 08:18:16,726: INFO  – Successful
2020-06-19 08:18:16,730: INFO  – Importing Theme Class 'ShowFiltersButton'... 
2020-06-19 08:18:16,754: INFO  – Successful
2020-06-19 08:18:16,766: INFO  – Importing Theme Class 'TextAttribute'... 
2020-06-19 08:18:16,776: INFO  – Successful
2020-06-19 08:18:16,782: INFO  – Importing Theme Class 'BlobContentTextAttribute'... 
2020-06-19 08:18:16,804: INFO  – Successful
2020-06-19 08:18:16,810: INFO  – Importing Theme Class 'ReadonlyBlobContentTextAttribute'... 
2020-06-19 08:18:16,836: INFO  – Successful
2020-06-19 08:18:16,841: INFO  – Importing Theme Class 'BlobInputTextAttribute'... 
2020-06-19 08:18:16,862: INFO  – Successful
2020-06-19 08:18:16,875: INFO  – Importing Theme Class 'ReadonlyTextAttribute'... 
2020-06-19 08:18:16,887: INFO  – Successful
2020-06-19 08:18:16,907: INFO  – Importing Theme Class 'TextActionAttribute'... 
2020-06-19 08:18:16,921: INFO  – Successful
2020-06-19 08:18:16,922: INFO  – Importing Theme Class 'BlobContentTextActionAttribute'... 
2020-06-19 08:18:16,947: INFO  – Successful
2020-06-19 08:18:16,952: INFO  – Importing Theme Class 'ReadonlyBlobContentTextActionAttribute'... 
2020-06-19 08:18:16,973: INFO  – Successful
2020-06-19 08:18:16,985: INFO  – Importing Theme Class 'BlobInputTextActionAttribute'... 
2020-06-19 08:18:16,995: INFO  – Successful
2020-06-19 08:18:17,001: INFO  – Importing Theme Class 'ReadonlyTextActionAttribute'... 
2020-06-19 08:18:17,025: INFO  – Successful
2020-06-19 08:18:17,030: INFO  – Importing Theme Class 'WWTextActionColumn'... 
2020-06-19 08:18:17,051: INFO  – Successful
2020-06-19 08:18:17,056: INFO  – Importing Theme Class 'ActionsContainer'... 
2020-06-19 08:18:17,077: INFO  – Successful
2020-06-19 08:18:17,093: INFO  – Importing Theme Class 'ActionsContainerItem'... 
2020-06-19 08:18:17,118: INFO  – Successful
2020-06-19 08:18:17,125: INFO  – Importing Theme Class 'TopLeftSeparateCell'... 
2020-06-19 08:18:17,147: INFO  – Successful
2020-06-19 08:18:17,157: INFO  – Importing Theme Class 'RoundedImageTitle'... 
2020-06-19 08:18:17,173: INFO  – Successful
2020-06-19 08:18:17,179: INFO  – Importing Theme Class 'RoundedImageText'... 
2020-06-19 08:18:17,196: INFO  – Successful
2020-06-19 08:18:17,204: INFO  – Importing Theme Class 'WelcomeTextMarginLeft'... 
2020-06-19 08:18:17,229: INFO  – Successful
2020-06-19 08:18:17,234: INFO  – Importing Theme Class 'ActionText'... 
2020-06-19 08:18:17,259: INFO  – Successful
2020-06-19 08:18:17,264: INFO  – Importing Theme Class 'LinkText'... 
2020-06-19 08:18:17,288: INFO  – Successful
2020-06-19 08:18:17,297: INFO  – Importing Theme Class 'FilterPanel'... 
2020-06-19 08:18:17,311: INFO  – Successful
2020-06-19 08:18:17,329: INFO  – Importing Theme Class 'BlobContentFilterPanel'... 
2020-06-19 08:18:17,345: INFO  – Successful
2020-06-19 08:18:17,351: INFO  – Importing Theme Class 'ReadonlyBlobContentFilterPanel'... 
2020-06-19 08:18:17,371: INFO  – Successful
2020-06-19 08:18:17,375: INFO  – Importing Theme Class 'BlobInputFilterPanel'... 
2020-06-19 08:18:17,396: INFO  – Successful
2020-06-19 08:18:17,406: INFO  – Importing Theme Class 'ReadonlyFilterPanel'... 
2020-06-19 08:18:17,429: INFO  – Successful
2020-06-19 08:18:17,433: INFO  – Importing Theme Class 'ActionButtonsHovered'... 
2020-06-19 08:18:17,454: INFO  – Successful
2020-06-19 08:18:17,459: INFO  – Importing Theme Class 'PopupTitle'... 
2020-06-19 08:18:17,479: INFO  – Successful
2020-06-19 08:18:17,484: INFO  – Importing Theme Class 'PopupButtonsClose'... 
2020-06-19 08:18:17,517: INFO  – Successful
2020-06-19 08:18:17,522: INFO  – Importing Theme Class 'PopupContent'... 
2020-06-19 08:18:17,555: INFO  – Successful
2020-06-19 08:18:17,563: INFO  – Importing Theme Class 'PopupButtonsCloseHovered'... 
2020-06-19 08:18:17,585: INFO  – Successful
2020-06-19 08:18:17,590: INFO  – Importing Theme Class 'PopupButtonsResize'... 
2020-06-19 08:18:17,616: INFO  – Successful
2020-06-19 08:18:17,620: INFO  – Importing Theme Class 'PopupHeader'... 
2020-06-19 08:18:17,646: INFO  – Successful
2020-06-19 08:18:17,656: INFO  – Importing Theme Class 'PopupButtons'... 
2020-06-19 08:18:17,664: INFO  – Successful
2020-06-19 08:18:17,687: INFO  – Importing Theme Class 'PopupSections'... 
2020-06-19 08:18:17,688: INFO  – Successful
2020-06-19 08:18:17,702: INFO  – Importing Theme Class 'FormCellAdvanced'... 
2020-06-19 08:18:17,721: INFO  – Successful
2020-06-19 08:18:17,734: INFO  – Importing Theme Class 'GridNewRowWhite'... 
2020-06-19 08:18:17,754: INFO  – Successful
2020-06-19 08:18:17,759: INFO  – Importing Theme Class 'BtnTextBlockBack'... 
2020-06-19 08:18:17,781: INFO  – Successful
2020-06-19 08:18:17,797: INFO  – Importing Theme Class 'BtnTextBlockBackLink'... 
2020-06-19 08:18:17,806: INFO  – Successful
2020-06-19 08:18:17,814: INFO  – Importing Theme Class 'WWLinkOrderItem'... 
2020-06-19 08:18:17,848: INFO  – Successful
2020-06-19 08:18:17,855: INFO  – Importing Theme Class 'WWOrderItemHover'... 
2020-06-19 08:18:17,879: INFO  – Successful
2020-06-19 08:18:17,884: INFO  – Importing Theme Class 'ViewActionsBackCell'... 
2020-06-19 08:18:17,903: INFO  – Successful
2020-06-19 08:18:17,923: INFO  – Importing Theme Class 'BtnDeleteDisabled'... 
2020-06-19 08:18:17,939: INFO  – Successful
2020-06-19 08:18:17,943: INFO  – Importing Theme Class 'WWTabPage'... 
2020-06-19 08:18:17,965: INFO  – Successful
2020-06-19 08:18:17,969: INFO  – Importing Theme Class 'WWTabPageSelected'... 
2020-06-19 08:18:17,990: INFO  – Successful
2020-06-19 08:18:17,999: INFO  – Importing Theme Class 'WWTabPageHovered'... 
2020-06-19 08:18:18,015: INFO  – Successful
2020-06-19 08:18:18,033: INFO  – Importing Theme Class 'WWTab'... 
2020-06-19 08:18:18,048: INFO  – Successful
2020-06-19 08:18:18,052: INFO  – Importing Theme Class 'WWTabStrip'... 
2020-06-19 08:18:18,066: INFO  – Successful
2020-06-19 08:18:18,072: INFO  – Importing Theme Class 'MainMenuItem'... 
2020-06-19 08:18:18,092: INFO  – Successful
2020-06-19 08:18:18,110: INFO  – Importing Theme Class 'SubMenuItem'... 
2020-06-19 08:18:18,125: INFO  – Successful
2020-06-19 08:18:18,128: INFO  – Importing Theme Class 'MainMenuItemHovered'... 
2020-06-19 08:18:18,150: INFO  – Successful
2020-06-19 08:18:18,155: INFO  – Importing Theme Class 'ActionsContainerVisible'... 
2020-06-19 08:18:18,176: INFO  – Successful
2020-06-19 08:18:18,189: INFO  – Importing Theme Class 'ThinHeaderContainer'... 
2020-06-19 08:18:18,201: INFO  – Successful
2020-06-19 08:18:18,206: INFO  – Importing Theme Class 'LinkRoundedImageText'... 
2020-06-19 08:18:18,243: INFO  – Successful
2020-06-19 08:18:18,250: INFO  – Importing Theme Class 'MainMenuButton'... 
2020-06-19 08:18:18,274: INFO  – Successful
2020-06-19 08:18:18,282: INFO  – Importing Theme Class 'WWFirstTabPage'... 
2020-06-19 08:18:18,300: INFO  – Successful
2020-06-19 08:18:18,314: INFO  – Importing Theme Class 'BtnAddHovered'... 
2020-06-19 08:18:18,335: INFO  – Successful
2020-06-19 08:18:18,339: INFO  – Importing Theme Class 'FilterSearchAttributeFocus'... 
2020-06-19 08:18:18,362: INFO  – Successful
2020-06-19 08:18:18,368: INFO  – Importing Theme Class 'Fixed30'... 
2020-06-19 08:18:18,388: INFO  – Successful
2020-06-19 08:18:18,409: INFO  – Importing Theme Class 'BlobContentFilterSearchAttributeFocus'... 
2020-06-19 08:18:18,435: INFO  – Successful
2020-06-19 08:18:18,439: INFO  – Importing Theme Class 'ReadonlyBlobContentFilterSearchAttributeFocus'... 
2020-06-19 08:18:18,461: INFO  – Successful
2020-06-19 08:18:18,466: INFO  – Importing Theme Class 'BlobInputFilterSearchAttributeFocus'... 
2020-06-19 08:18:18,490: INFO  – Successful
2020-06-19 08:18:18,500: INFO  – Importing Theme Class 'ReadonlyFilterSearchAttributeFocus'... 
2020-06-19 08:18:18,518: INFO  – Successful
2020-06-19 08:18:18,522: INFO  – Importing Theme Class 'WWActionGroupList'... 
2020-06-19 08:18:18,549: INFO  – Successful
2020-06-19 08:18:18,556: INFO  – Importing Theme Class 'WWViewActions'... 
2020-06-19 08:18:18,579: INFO  – Successful
2020-06-19 08:18:18,594: INFO  – Importing Theme Class 'ViewGrid'... 
2020-06-19 08:18:18,611: INFO  – Successful
2020-06-19 08:18:18,616: INFO  – Importing Theme Class 'FilterSearchAttributeSelectorClass'... 
2020-06-19 08:18:18,639: INFO  – Successful
2020-06-19 08:18:18,643: INFO  – Importing Theme Class 'DateFilterSearchAttribute'... 
2020-06-19 08:18:18,662: INFO  – Successful
2020-06-19 08:18:18,672: INFO  – Importing Theme Class 'BlobContentDateFilterSearchAttribute'... 
2020-06-19 08:18:18,691: INFO  – Successful
2020-06-19 08:18:18,696: INFO  – Importing Theme Class 'ReadonlyBlobContentDateFilterSearchAttribute'... 
2020-06-19 08:18:18,725: INFO  – Successful
2020-06-19 08:18:18,731: INFO  – Importing Theme Class 'BlobInputDateFilterSearchAttribute'... 
2020-06-19 08:18:18,755: INFO  – Successful
2020-06-19 08:18:18,765: INFO  – Importing Theme Class 'ReadonlyDateFilterSearchAttribute'... 
2020-06-19 08:18:18,783: INFO  – Successful
2020-06-19 08:18:18,788: INFO  – Importing Theme Class 'WWPagingFooterCell'... 
2020-06-19 08:18:18,825: INFO  – Successful
2020-06-19 08:18:18,831: INFO  – Importing Theme Class 'WWPagingFooterRow'... 
2020-06-19 08:18:18,857: INFO  – Successful
2020-06-19 08:18:18,876: INFO  – Importing Theme Class 'TextBlockHeaderLinkClass'... 
2020-06-19 08:18:18,888: INFO  – Successful
2020-06-19 08:18:18,892: INFO  – Importing Theme Class 'DateFilterSearchAttributeSelectorClass'... 
2020-06-19 08:18:18,918: INFO  – Successful
2020-06-19 08:18:18,923: INFO  – Importing Theme Class 'ViewAdvancedContainer'... 
2020-06-19 08:18:18,948: INFO  – Successful
2020-06-19 08:18:18,969: INFO  – Importing Theme Class 'ViewAdvancedContainerVisible'... 
2020-06-19 08:18:18,986: INFO  – Successful
2020-06-19 08:18:18,986: INFO  – Importing Theme Color 'Text'... 
2020-06-19 08:18:19,017: INFO  – Successful
2020-06-19 08:18:19,017: INFO  – Importing Theme Color 'Header'... 
2020-06-19 08:18:19,036: INFO  – Successful
2020-06-19 08:18:19,036: INFO  – Importing Theme Color 'HeaderTitle'... 
2020-06-19 08:18:19,052: INFO  – Successful
2020-06-19 08:18:19,063: INFO  – Importing Theme Color 'Background'... 
2020-06-19 08:18:19,079: INFO  – Successful
2020-06-19 08:18:19,082: INFO  – Importing Theme Color 'DataAreaBackground'... 
2020-06-19 08:18:19,099: INFO  – Successful
2020-06-19 08:18:19,102: INFO  – Importing Theme Color 'Action'... 
2020-06-19 08:18:19,127: INFO  – Successful
2020-06-19 08:18:19,142: INFO  – Importing Theme Color 'DisabledAction'... 
2020-06-19 08:18:19,156: INFO  – Successful
2020-06-19 08:18:19,164: INFO  – Importing Theme Color 'BolderText'... 
2020-06-19 08:18:19,181: INFO  – Successful
2020-06-19 08:18:19,185: INFO  – Importing Theme Color 'Border'... 
2020-06-19 08:18:19,205: INFO  – Successful
2020-06-19 08:18:19,210: INFO  – Importing Theme Color 'GridHeaderBackground'... 
2020-06-19 08:18:19,238: INFO  – Successful
2020-06-19 08:18:19,238: INFO  – Importing Theme Color 'Danger'... 
2020-06-19 08:18:19,265: INFO  – Successful
2020-06-19 08:18:19,266: INFO  – Importing Theme Color 'SecondaryAction'... 
2020-06-19 08:18:19,282: INFO  – Successful
2020-06-19 08:18:19,286: INFO  – Importing Theme Color 'ActionHover'... 
2020-06-19 08:18:19,302: INFO  – Successful
2020-06-19 08:18:19,312: INFO  – Importing Theme Color 'Warning'... 
2020-06-19 08:18:19,330: INFO  – Successful
2020-06-19 08:18:19,343: INFO  – Importing Theme Color 'Base'... 
2020-06-19 08:18:19,360: INFO  – Successful
2020-06-19 08:18:19,363: INFO  – Importing Theme Color 'Dominant'... 
2020-06-19 08:18:19,379: INFO  – Successful
2020-06-19 08:18:19,383: INFO  – Importing Theme Color 'Read Only Text'... 
2020-06-19 08:18:19,400: INFO  – Successful
2020-06-19 08:18:19,407: INFO  – Importing Theme Color 'Grid Title'... 
2020-06-19 08:18:19,429: INFO  – Successful
2020-06-19 08:18:19,437: INFO  – Importing Theme Color 'Dark Base'... 
2020-06-19 08:18:19,454: INFO  – Successful
2020-06-19 08:18:19,457: INFO  – Importing Theme Color 'Dark Border'... 
2020-06-19 08:18:19,479: INFO  – Successful
2020-06-19 08:18:19,485: INFO  – Importing Theme Color 'Message Background'... 
2020-06-19 08:18:19,503: INFO  – Successful
2020-06-19 08:18:19,517: INFO  – Importing Theme Color 'Light Message Background'... 
2020-06-19 08:18:19,536: INFO  – Successful
2020-06-19 08:18:19,540: INFO  – Importing Theme Color 'Recent Link'... 
2020-06-19 08:18:19,561: INFO  – Successful
2020-06-19 08:18:19,565: INFO  – Importing Theme Color 'Warning Color'... 
2020-06-19 08:18:19,580: INFO  – Successful
2020-06-19 08:18:19,593: INFO  – Importing Theme 'Carmine'... 
2020-06-19 08:18:23,904: INFO  – Successful
2020-06-19 08:18:23,913: INFO  – Importing Image 'VideoDownload'... 
2020-06-19 08:18:23,939: INFO  – Successful
2020-06-19 08:18:23,944: INFO  – Importing Image 'AudioDownload'... 
2020-06-19 08:18:23,966: INFO  – Successful
2020-06-19 08:18:23,986: INFO  – Importing Image 'MultimediaEdit'... 
2020-06-19 08:18:24,001: INFO  – Successful
2020-06-19 08:18:24,001: INFO  – Importing Image 'MultimediaClear'... 
2020-06-19 08:18:24,015: INFO  – Successful
2020-06-19 08:18:24,016: INFO  – Importing Image 'PlaceHolderImage'... 
2020-06-19 08:18:24,035: INFO  – Successful
2020-06-19 08:18:24,035: INFO  – Importing Image 'PlaceHolderVideo'... 
2020-06-19 08:18:24,061: INFO  – Successful
2020-06-19 08:18:24,061: INFO  – Importing Image 'PlaceHolderAudio'... 
2020-06-19 08:18:24,079: INFO  – Successful
2020-06-19 08:18:24,079: INFO  – Importing Image 'ActionCancel'... 
2020-06-19 08:18:24,097: INFO  – Successful
2020-06-19 08:18:24,109: INFO  – Importing Image 'ActionDelete'... 
2020-06-19 08:18:24,133: INFO  – Successful
2020-06-19 08:18:24,142: INFO  – Importing Image 'ActionDisplay'... 
2020-06-19 08:18:24,157: INFO  – Successful
2020-06-19 08:18:24,160: INFO  – Importing Image 'ActionInsert'... 
2020-06-19 08:18:24,182: INFO  – Successful
2020-06-19 08:18:24,186: INFO  – Importing Image 'ActionUpdate'... 
2020-06-19 08:18:24,218: INFO  – Successful
2020-06-19 08:18:24,222: INFO  – Importing Image 'locateMe'... 
2020-06-19 08:18:24,251: INFO  – Successful
2020-06-19 08:18:24,254: INFO  – Importing Image 'Back'... 
2020-06-19 08:18:24,274: INFO  – Successful
2020-06-19 08:18:24,281: INFO  – Importing Image 'calendar'... 
2020-06-19 08:18:24,312: INFO  – Successful
2020-06-19 08:18:24,317: INFO  – Importing Image 'ComboArrow'... 
2020-06-19 08:18:24,347: INFO  – Successful
2020-06-19 08:18:24,351: INFO  – Importing Image 'GenericFilter'... 
2020-06-19 08:18:24,371: INFO  – Successful
2020-06-19 08:18:24,390: INFO  – Importing Image 'PageFirst'... 
2020-06-19 08:18:24,405: INFO  – Successful
2020-06-19 08:18:24,410: INFO  – Importing Image 'PageLast'... 
2020-06-19 08:18:24,430: INFO  – Successful
2020-06-19 08:18:24,438: INFO  – Importing Image 'PageNext'... 
2020-06-19 08:18:24,457: INFO  – Successful
2020-06-19 08:18:24,460: INFO  – Importing Image 'PagePrevious'... 
2020-06-19 08:18:24,482: INFO  – Successful
2020-06-19 08:18:24,499: INFO  – Importing Image 'PoweredByGeneXus'... 
2020-06-19 08:18:24,519: INFO  – Successful
2020-06-19 08:18:24,522: INFO  – Importing Image 'selectRow'... 
2020-06-19 08:18:24,544: INFO  – Successful
2020-06-19 08:18:24,561: INFO  – Importing Image 'DeleteRow'... 
2020-06-19 08:18:24,584: INFO  – Successful
2020-06-19 08:18:24,588: INFO  – Importing Image 'UndeleteRow'... 
2020-06-19 08:18:24,621: INFO  – Successful
2020-06-19 08:18:24,626: INFO  – Importing Color Palette 'Carmine'... 
2020-06-19 08:18:24,642: INFO  – Successful
2020-06-19 08:18:24,656: INFO  – Processing file 'C:\Program Files (x86)\GeneXus\GeneXus16\Startup\Web\GeneralWeb.xpz'...
2020-06-19 08:18:24,672: INFO  – Checking Import References...
2020-06-19 08:18:24,673: INFO  – Finished
2020-06-19 08:18:24,673: INFO  – Reading import file objects...
2020-06-19 08:18:24,673: INFO  – Finished
2020-06-19 08:18:25,178: INFO  – Importing Module 'GeneXus'... was not changed
2020-06-19 08:18:25,188: INFO  – Importing Folder 'Web'... 
2020-06-19 08:18:25,211: INFO  – Successful
2020-06-19 08:18:25,221: INFO  – Importing Structured Data Type 'LinkList'... 
2020-06-19 08:18:26,033: INFO  – Successful
2020-06-19 08:18:26,048: INFO  – Importing Web Panel 'AppMasterPage'... 
2020-06-19 08:18:26,420: INFO  – Successful
2020-06-19 08:18:26,434: INFO  – Importing Web Panel 'PromptMasterPage'... 
2020-06-19 08:18:26,619: INFO  – Successful
2020-06-19 08:18:26,624: INFO  – Importing Web Panel 'RecentLinks'... 
2020-06-19 08:18:26,874: INFO  – Successful
2020-06-19 08:18:26,886: INFO  – Processing file 'C:\Program Files (x86)\GeneXus\GeneXus16\Startup\Web\GeneralWebRwd.xpz'...
2020-06-19 08:18:26,906: INFO  – Checking Import References...
2020-06-19 08:18:26,906: INFO  – Finished
2020-06-19 08:18:26,906: INFO  – Reading import file objects...
2020-06-19 08:18:26,906: INFO  – Finished
2020-06-19 08:18:27,403: INFO  – Importing Module 'GeneXus'... was not changed
2020-06-19 08:18:27,406: INFO  – Importing Web Panel 'RwdMasterPage'... 
2020-06-19 08:18:28,493: INFO  – Successful
2020-06-19 08:18:28,498: INFO  – Importing Web Panel 'RwdPromptMasterPage'... 
2020-06-19 08:18:28,657: INFO  – Successful
2020-06-19 08:18:28,664: INFO  – Importing Web Panel 'RwdRecentLinks'... 
2020-06-19 08:18:28,913: INFO  – Successful
2020-06-19 08:18:29,989: INFO  – Success: Create Knowledge Base
